mode: set
github.com/gateyes/gateway/internal/repository/sqlstore/helpers.go:15.82,21.16 2 1
github.com/gateyes/gateway/internal/repository/sqlstore/helpers.go:21.16,23.3 1 0
github.com/gateyes/gateway/internal/repository/sqlstore/helpers.go:24.2,27.18 3 1
github.com/gateyes/gateway/internal/repository/sqlstore/helpers.go:27.18,29.43 2 1
github.com/gateyes/gateway/internal/repository/sqlstore/helpers.go:29.43,31.4 1 0
github.com/gateyes/gateway/internal/repository/sqlstore/helpers.go:32.3,32.33 1 1
github.com/gateyes/gateway/internal/repository/sqlstore/helpers.go:35.2,35.35 1 1
github.com/gateyes/gateway/internal/repository/sqlstore/helpers.go:35.35,37.3 1 0
github.com/gateyes/gateway/internal/repository/sqlstore/helpers.go:39.2,39.20 1 1
github.com/gateyes/gateway/internal/repository/sqlstore/helpers.go:42.117,43.113 1 1
github.com/gateyes/gateway/internal/repository/sqlstore/helpers.go:43.113,45.3 1 0
github.com/gateyes/gateway/internal/repository/sqlstore/helpers.go:47.2,47.31 1 1
github.com/gateyes/gateway/internal/repository/sqlstore/helpers.go:47.31,50.74 1 1
github.com/gateyes/gateway/internal/repository/sqlstore/helpers.go:50.74,52.4 1 0
github.com/gateyes/gateway/internal/repository/sqlstore/helpers.go:55.2,55.12 1 1
github.com/gateyes/gateway/internal/repository/sqlstore/helpers.go:58.115,78.20 3 0
github.com/gateyes/gateway/internal/repository/sqlstore/helpers.go:78.20,82.3 2 0
github.com/gateyes/gateway/internal/repository/sqlstore/helpers.go:83.2,102.16 4 0
github.com/gateyes/gateway/internal/repository/sqlstore/helpers.go:102.16,103.36 1 0
github.com/gateyes/gateway/internal/repository/sqlstore/helpers.go:103.36,105.4 1 0
github.com/gateyes/gateway/internal/repository/sqlstore/helpers.go:106.3,106.47 1 0
github.com/gateyes/gateway/internal/repository/sqlstore/helpers.go:109.2,110.16 2 0
github.com/gateyes/gateway/internal/repository/sqlstore/helpers.go:110.16,112.3 1 0
github.com/gateyes/gateway/internal/repository/sqlstore/helpers.go:113.2,115.19 2 0
github.com/gateyes/gateway/internal/repository/sqlstore/helpers.go:118.100,134.16 3 1
github.com/gateyes/gateway/internal/repository/sqlstore/helpers.go:134.16,135.36 1 1
github.com/gateyes/gateway/internal/repository/sqlstore/helpers.go:135.36,137.4 1 1
github.com/gateyes/gateway/internal/repository/sqlstore/helpers.go:138.3,138.49 1 0
github.com/gateyes/gateway/internal/repository/sqlstore/helpers.go:141.2,141.21 1 1
github.com/gateyes/gateway/internal/repository/sqlstore/identity.go:15.97,43.16 3 1
github.com/gateyes/gateway/internal/repository/sqlstore/identity.go:43.16,44.36 1 1
github.com/gateyes/gateway/internal/repository/sqlstore/identity.go:44.36,46.4 1 1
github.com/gateyes/gateway/internal/repository/sqlstore/identity.go:47.3,47.54 1 0
github.com/gateyes/gateway/internal/repository/sqlstore/identity.go:50.2,51.16 2 1
github.com/gateyes/gateway/internal/repository/sqlstore/identity.go:51.16,53.3 1 0
github.com/gateyes/gateway/internal/repository/sqlstore/identity.go:54.2,56.22 2 1
github.com/gateyes/gateway/internal/repository/sqlstore/identity.go:59.87,63.47 1 0
github.com/gateyes/gateway/internal/repository/sqlstore/identity.go:63.47,65.3 1 0
github.com/gateyes/gateway/internal/repository/sqlstore/identity.go:66.2,66.12 1 0
github.com/gateyes/gateway/internal/repository/sqlstore/identity.go:69.92,80.16 2 1
github.com/gateyes/gateway/internal/repository/sqlstore/identity.go:80.16,82.3 1 0
github.com/gateyes/gateway/internal/repository/sqlstore/identity.go:84.2,85.16 2 1
github.com/gateyes/gateway/internal/repository/sqlstore/identity.go:85.16,87.3 1 0
github.com/gateyes/gateway/internal/repository/sqlstore/identity.go:89.2,89.30 1 1
github.com/gateyes/gateway/internal/repository/sqlstore/identity.go:92.104,93.62 1 1
github.com/gateyes/gateway/internal/repository/sqlstore/identity.go:93.62,95.3 1 0
github.com/gateyes/gateway/internal/repository/sqlstore/identity.go:97.2,98.16 2 1
github.com/gateyes/gateway/internal/repository/sqlstore/identity.go:98.16,100.17 2 0
github.com/gateyes/gateway/internal/repository/sqlstore/identity.go:100.17,102.4 1 0
github.com/gateyes/gateway/internal/repository/sqlstore/identity.go:104.3,117.17 1 0
github.com/gateyes/gateway/internal/repository/sqlstore/identity.go:117.17,120.4 2 0
github.com/gateyes/gateway/internal/repository/sqlstore/identity.go:122.3,125.110 1 0
github.com/gateyes/gateway/internal/repository/sqlstore/identity.go:125.110,128.4 2 0
github.com/gateyes/gateway/internal/repository/sqlstore/identity.go:130.3,130.100 1 0
github.com/gateyes/gateway/internal/repository/sqlstore/identity.go:130.100,133.4 2 0
github.com/gateyes/gateway/internal/repository/sqlstore/identity.go:135.3,135.21 1 0
github.com/gateyes/gateway/internal/repository/sqlstore/identity.go:137.2,137.45 1 1
github.com/gateyes/gateway/internal/repository/sqlstore/identity.go:137.45,139.3 1 0
github.com/gateyes/gateway/internal/repository/sqlstore/identity.go:141.2,146.16 5 1
github.com/gateyes/gateway/internal/repository/sqlstore/identity.go:146.16,148.3 1 0
github.com/gateyes/gateway/internal/repository/sqlstore/identity.go:150.2,163.16 1 1
github.com/gateyes/gateway/internal/repository/sqlstore/identity.go:163.16,166.3 2 0
github.com/gateyes/gateway/internal/repository/sqlstore/identity.go:168.2,178.16 1 1
github.com/gateyes/gateway/internal/repository/sqlstore/identity.go:178.16,181.3 2 0
github.com/gateyes/gateway/internal/repository/sqlstore/identity.go:183.2,183.77 1 1
github.com/gateyes/gateway/internal/repository/sqlstore/identity.go:183.77,186.3 2 0
github.com/gateyes/gateway/internal/repository/sqlstore/identity.go:188.2,188.20 1 1
github.com/gateyes/gateway/internal/repository/sqlstore/identity.go:191.38,192.16 1 1
github.com/gateyes/gateway/internal/repository/sqlstore/identity.go:192.16,194.3 1 0
github.com/gateyes/gateway/internal/repository/sqlstore/identity.go:195.2,195.13 1 1
github.com/gateyes/gateway/internal/repository/sqlstore/responses.go:15.93,16.21 1 1
github.com/gateyes/gateway/internal/repository/sqlstore/responses.go:16.21,18.3 1 0
github.com/gateyes/gateway/internal/repository/sqlstore/responses.go:19.2,20.31 2 1
github.com/gateyes/gateway/internal/repository/sqlstore/responses.go:20.31,22.3 1 1
github.com/gateyes/gateway/internal/repository/sqlstore/responses.go:23.2,23.31 1 1
github.com/gateyes/gateway/internal/repository/sqlstore/responses.go:23.31,25.3 1 1
github.com/gateyes/gateway/internal/repository/sqlstore/responses.go:27.2,44.16 1 1
github.com/gateyes/gateway/internal/repository/sqlstore/responses.go:44.16,46.3 1 0
github.com/gateyes/gateway/internal/repository/sqlstore/responses.go:48.2,48.12 1 1
github.com/gateyes/gateway/internal/repository/sqlstore/responses.go:51.93,52.31 1 1
github.com/gateyes/gateway/internal/repository/sqlstore/responses.go:52.31,54.3 1 1
github.com/gateyes/gateway/internal/repository/sqlstore/responses.go:56.2,68.16 1 1
github.com/gateyes/gateway/internal/repository/sqlstore/responses.go:68.16,70.3 1 0
github.com/gateyes/gateway/internal/repository/sqlstore/responses.go:72.2,72.12 1 1
github.com/gateyes/gateway/internal/repository/sqlstore/responses.go:75.114,81.20 3 1
github.com/gateyes/gateway/internal/repository/sqlstore/responses.go:81.20,85.3 2 1
github.com/gateyes/gateway/internal/repository/sqlstore/responses.go:86.2,105.16 6 1
github.com/gateyes/gateway/internal/repository/sqlstore/responses.go:105.16,106.36 1 0
github.com/gateyes/gateway/internal/repository/sqlstore/responses.go:106.36,108.4 1 0
github.com/gateyes/gateway/internal/repository/sqlstore/responses.go:109.3,109.50 1 0
github.com/gateyes/gateway/internal/repository/sqlstore/responses.go:111.2,113.21 3 1
github.com/gateyes/gateway/internal/repository/sqlstore/store.go:20.34,22.2 1 1
github.com/gateyes/gateway/internal/repository/sqlstore/store.go:24.117,25.62 1 0
github.com/gateyes/gateway/internal/repository/sqlstore/store.go:25.62,27.3 1 0
github.com/gateyes/gateway/internal/repository/sqlstore/store.go:29.2,34.18 5 0
github.com/gateyes/gateway/internal/repository/sqlstore/store.go:34.18,36.3 1 0
github.com/gateyes/gateway/internal/repository/sqlstore/store.go:37.2,38.16 2 0
github.com/gateyes/gateway/internal/repository/sqlstore/store.go:38.16,40.3 1 0
github.com/gateyes/gateway/internal/repository/sqlstore/store.go:42.2,43.16 2 0
github.com/gateyes/gateway/internal/repository/sqlstore/store.go:43.16,45.3 1 0
github.com/gateyes/gateway/internal/repository/sqlstore/store.go:47.2,51.16 1 0
github.com/gateyes/gateway/internal/repository/sqlstore/store.go:51.16,54.3 2 0
github.com/gateyes/gateway/internal/repository/sqlstore/store.go:56.2,60.16 1 0
github.com/gateyes/gateway/internal/repository/sqlstore/store.go:60.16,63.3 2 0
github.com/gateyes/gateway/internal/repository/sqlstore/store.go:65.2,65.77 1 0
github.com/gateyes/gateway/internal/repository/sqlstore/store.go:65.77,68.3 2 0
github.com/gateyes/gateway/internal/repository/sqlstore/store.go:70.2,70.36 1 0
github.com/gateyes/gateway/internal/repository/sqlstore/store.go:70.36,72.3 1 0
github.com/gateyes/gateway/internal/repository/sqlstore/store.go:74.2,74.48 1 0
github.com/gateyes/gateway/internal/repository/sqlstore/store.go:77.98,95.20 3 0
github.com/gateyes/gateway/internal/repository/sqlstore/store.go:95.20,99.3 2 0
github.com/gateyes/gateway/internal/repository/sqlstore/store.go:100.2,104.16 3 0
github.com/gateyes/gateway/internal/repository/sqlstore/store.go:104.16,106.3 1 0
github.com/gateyes/gateway/internal/repository/sqlstore/store.go:107.2,110.18 3 0
github.com/gateyes/gateway/internal/repository/sqlstore/store.go:110.18,126.17 2 0
github.com/gateyes/gateway/internal/repository/sqlstore/store.go:126.17,128.4 1 0
github.com/gateyes/gateway/internal/repository/sqlstore/store.go:130.3,131.17 2 0
github.com/gateyes/gateway/internal/repository/sqlstore/store.go:131.17,133.4 1 0
github.com/gateyes/gateway/internal/repository/sqlstore/store.go:134.3,135.30 2 0
github.com/gateyes/gateway/internal/repository/sqlstore/store.go:138.2,138.35 1 0
github.com/gateyes/gateway/internal/repository/sqlstore/store.go:138.35,140.3 1 0
github.com/gateyes/gateway/internal/repository/sqlstore/store.go:142.2,142.19 1 0
github.com/gateyes/gateway/internal/repository/sqlstore/store.go:145.114,147.2 1 0
github.com/gateyes/gateway/internal/repository/sqlstore/store.go:149.153,151.16 2 0
github.com/gateyes/gateway/internal/repository/sqlstore/store.go:151.16,153.3 1 0
github.com/gateyes/gateway/internal/repository/sqlstore/store.go:155.2,156.16 2 0
github.com/gateyes/gateway/internal/repository/sqlstore/store.go:156.16,158.3 1 0
github.com/gateyes/gateway/internal/repository/sqlstore/store.go:160.2,163.24 3 0
github.com/gateyes/gateway/internal/repository/sqlstore/store.go:163.24,166.3 2 0
github.com/gateyes/gateway/internal/repository/sqlstore/store.go:167.2,167.25 1 0
github.com/gateyes/gateway/internal/repository/sqlstore/store.go:167.25,170.3 2 0
github.com/gateyes/gateway/internal/repository/sqlstore/store.go:171.2,171.23 1 0
github.com/gateyes/gateway/internal/repository/sqlstore/store.go:171.23,174.3 2 0
github.com/gateyes/gateway/internal/repository/sqlstore/store.go:175.2,175.26 1 0
github.com/gateyes/gateway/internal/repository/sqlstore/store.go:175.26,178.3 2 0
github.com/gateyes/gateway/internal/repository/sqlstore/store.go:179.2,185.65 3 0
github.com/gateyes/gateway/internal/repository/sqlstore/store.go:185.65,188.3 2 0
github.com/gateyes/gateway/internal/repository/sqlstore/store.go:190.2,190.26 1 0
github.com/gateyes/gateway/internal/repository/sqlstore/store.go:190.26,191.93 1 0
github.com/gateyes/gateway/internal/repository/sqlstore/store.go:191.93,194.4 2 0
github.com/gateyes/gateway/internal/repository/sqlstore/store.go:197.2,197.36 1 0
github.com/gateyes/gateway/internal/repository/sqlstore/store.go:197.36,199.3 1 0
github.com/gateyes/gateway/internal/repository/sqlstore/store.go:201.2,201.47 1 0
github.com/gateyes/gateway/internal/repository/sqlstore/store.go:204.91,206.16 2 0
github.com/gateyes/gateway/internal/repository/sqlstore/store.go:206.16,208.3 1 0
github.com/gateyes/gateway/internal/repository/sqlstore/store.go:210.2,211.16 2 0
github.com/gateyes/gateway/internal/repository/sqlstore/store.go:211.16,213.3 1 0
github.com/gateyes/gateway/internal/repository/sqlstore/store.go:215.2,223.32 2 0
github.com/gateyes/gateway/internal/repository/sqlstore/store.go:223.32,224.77 1 0
github.com/gateyes/gateway/internal/repository/sqlstore/store.go:224.77,227.4 2 0
github.com/gateyes/gateway/internal/repository/sqlstore/store.go:230.2,230.36 1 0
github.com/gateyes/gateway/internal/repository/sqlstore/store.go:230.36,232.3 1 0
github.com/gateyes/gateway/internal/repository/sqlstore/store.go:234.2,234.12 1 0
github.com/gateyes/gateway/internal/repository/sqlstore/store.go:237.121,239.16 2 0
github.com/gateyes/gateway/internal/repository/sqlstore/store.go:239.16,241.3 1 0
github.com/gateyes/gateway/internal/repository/sqlstore/store.go:243.2,246.56 1 0
github.com/gateyes/gateway/internal/repository/sqlstore/store.go:246.56,248.3 1 0
github.com/gateyes/gateway/internal/repository/sqlstore/store.go:250.2,250.47 1 0
github.com/gateyes/gateway/internal/repository/sqlstore/store.go:253.92,262.20 4 0
github.com/gateyes/gateway/internal/repository/sqlstore/store.go:262.20,266.3 2 0
github.com/gateyes/gateway/internal/repository/sqlstore/store.go:268.2,269.109 2 0
github.com/gateyes/gateway/internal/repository/sqlstore/store.go:269.109,271.3 1 0
github.com/gateyes/gateway/internal/repository/sqlstore/store.go:272.2,272.19 1 0
github.com/gateyes/gateway/internal/repository/sqlstore/store.go:275.123,277.14 2 1
github.com/gateyes/gateway/internal/repository/sqlstore/store.go:277.14,279.3 1 0
github.com/gateyes/gateway/internal/repository/sqlstore/store.go:280.2,280.14 1 1
github.com/gateyes/gateway/internal/repository/sqlstore/store.go:280.14,282.3 1 0
github.com/gateyes/gateway/internal/repository/sqlstore/store.go:283.2,284.16 2 1
github.com/gateyes/gateway/internal/repository/sqlstore/store.go:284.16,286.3 1 0
github.com/gateyes/gateway/internal/repository/sqlstore/store.go:287.2,288.16 2 1
github.com/gateyes/gateway/internal/repository/sqlstore/store.go:288.16,290.3 1 0
github.com/gateyes/gateway/internal/repository/sqlstore/store.go:291.2,292.18 2 1
github.com/gateyes/gateway/internal/repository/sqlstore/store.go:292.18,294.3 1 0
github.com/gateyes/gateway/internal/repository/sqlstore/store.go:296.2,297.30 2 1
github.com/gateyes/gateway/internal/repository/sqlstore/store.go:297.30,299.3 1 0
github.com/gateyes/gateway/internal/repository/sqlstore/store.go:300.2,300.16 1 1
github.com/gateyes/gateway/internal/repository/sqlstore/store.go:300.16,302.3 1 0
github.com/gateyes/gateway/internal/repository/sqlstore/store.go:303.2,303.45 1 1
github.com/gateyes/gateway/internal/repository/sqlstore/store.go:303.45,305.3 1 0
github.com/gateyes/gateway/internal/repository/sqlstore/store.go:307.2,310.76 2 1
github.com/gateyes/gateway/internal/repository/sqlstore/store.go:310.76,312.3 1 0
github.com/gateyes/gateway/internal/repository/sqlstore/store.go:314.2,314.30 1 1
github.com/gateyes/gateway/internal/repository/sqlstore/tenant.go:14.85,19.16 2 0
github.com/gateyes/gateway/internal/repository/sqlstore/tenant.go:19.16,21.3 1 0
github.com/gateyes/gateway/internal/repository/sqlstore/tenant.go:22.2,25.18 3 0
github.com/gateyes/gateway/internal/repository/sqlstore/tenant.go:25.18,34.17 2 0
github.com/gateyes/gateway/internal/repository/sqlstore/tenant.go:34.17,36.4 1 0
github.com/gateyes/gateway/internal/repository/sqlstore/tenant.go:37.3,37.36 1 0
github.com/gateyes/gateway/internal/repository/sqlstore/tenant.go:40.2,40.35 1 0
github.com/gateyes/gateway/internal/repository/sqlstore/tenant.go:40.35,42.3 1 0
github.com/gateyes/gateway/internal/repository/sqlstore/tenant.go:44.2,44.21 1 0
github.com/gateyes/gateway/internal/repository/sqlstore/tenant.go:47.99,49.2 1 0
github.com/gateyes/gateway/internal/repository/sqlstore/tenant.go:51.140,53.16 2 0
github.com/gateyes/gateway/internal/repository/sqlstore/tenant.go:53.16,55.3 1 0
github.com/gateyes/gateway/internal/repository/sqlstore/tenant.go:57.2,59.24 3 0
github.com/gateyes/gateway/internal/repository/sqlstore/tenant.go:59.24,62.3 2 0
github.com/gateyes/gateway/internal/repository/sqlstore/tenant.go:63.2,63.26 1 0
github.com/gateyes/gateway/internal/repository/sqlstore/tenant.go:63.26,66.3 2 0
github.com/gateyes/gateway/internal/repository/sqlstore/tenant.go:67.2,73.65 3 0
github.com/gateyes/gateway/internal/repository/sqlstore/tenant.go:73.65,75.3 1 0
github.com/gateyes/gateway/internal/repository/sqlstore/tenant.go:77.2,77.37 1 0
github.com/gateyes/gateway/internal/repository/sqlstore/tenant.go:80.93,87.16 2 1
github.com/gateyes/gateway/internal/repository/sqlstore/tenant.go:87.16,89.3 1 0
github.com/gateyes/gateway/internal/repository/sqlstore/tenant.go:90.2,93.18 3 1
github.com/gateyes/gateway/internal/repository/sqlstore/tenant.go:93.18,95.50 2 1
github.com/gateyes/gateway/internal/repository/sqlstore/tenant.go:95.50,97.4 1 0
github.com/gateyes/gateway/internal/repository/sqlstore/tenant.go:98.3,98.54 1 1
github.com/gateyes/gateway/internal/repository/sqlstore/tenant.go:101.2,101.35 1 1
github.com/gateyes/gateway/internal/repository/sqlstore/tenant.go:101.35,103.3 1 0
github.com/gateyes/gateway/internal/repository/sqlstore/tenant.go:105.2,105.27 1 1
github.com/gateyes/gateway/internal/repository/sqlstore/tenant.go:108.108,110.16 2 1
github.com/gateyes/gateway/internal/repository/sqlstore/tenant.go:110.16,112.3 1 0
github.com/gateyes/gateway/internal/repository/sqlstore/tenant.go:114.2,114.122 1 1
github.com/gateyes/gateway/internal/repository/sqlstore/tenant.go:114.122,117.3 2 0
github.com/gateyes/gateway/internal/repository/sqlstore/tenant.go:119.2,120.45 2 1
github.com/gateyes/gateway/internal/repository/sqlstore/tenant.go:120.45,123.94 1 1
github.com/gateyes/gateway/internal/repository/sqlstore/tenant.go:123.94,126.4 2 0
github.com/gateyes/gateway/internal/repository/sqlstore/tenant.go:129.2,129.36 1 1
github.com/gateyes/gateway/internal/repository/sqlstore/tenant.go:129.36,131.3 1 0
github.com/gateyes/gateway/internal/repository/sqlstore/tenant.go:133.2,133.12 1 1
github.com/gateyes/gateway/internal/repository/sqlstore/tenant.go:136.83,140.65 1 0
github.com/gateyes/gateway/internal/repository/sqlstore/tenant.go:140.65,142.3 1 0
github.com/gateyes/gateway/internal/repository/sqlstore/tenant.go:144.2,147.47 1 0
github.com/gateyes/gateway/internal/repository/sqlstore/tenant.go:147.47,149.3 1 0
github.com/gateyes/gateway/internal/repository/sqlstore/tenant.go:151.2,151.12 1 0
github.com/gateyes/gateway/internal/repository/sqlstore/usage.go:13.93,14.21 1 1
github.com/gateyes/gateway/internal/repository/sqlstore/usage.go:14.21,16.3 1 0
github.com/gateyes/gateway/internal/repository/sqlstore/usage.go:17.2,17.31 1 1
github.com/gateyes/gateway/internal/repository/sqlstore/usage.go:17.31,19.3 1 0
github.com/gateyes/gateway/internal/repository/sqlstore/usage.go:21.2,42.16 1 1
github.com/gateyes/gateway/internal/repository/sqlstore/usage.go:42.16,44.3 1 0
github.com/gateyes/gateway/internal/repository/sqlstore/usage.go:46.2,46.12 1 1
github.com/gateyes/gateway/internal/repository/sqlstore/usage.go:49.103,58.20 3 1
github.com/gateyes/gateway/internal/repository/sqlstore/usage.go:58.20,62.3 2 1
github.com/gateyes/gateway/internal/repository/sqlstore/usage.go:64.2,72.16 3 1
github.com/gateyes/gateway/internal/repository/sqlstore/usage.go:72.16,74.3 1 0
github.com/gateyes/gateway/internal/repository/sqlstore/usage.go:75.2,75.19 1 1
github.com/gateyes/gateway/internal/repository/sqlstore/usage.go:78.129,88.20 3 1
github.com/gateyes/gateway/internal/repository/sqlstore/usage.go:88.20,92.3 2 1
github.com/gateyes/gateway/internal/repository/sqlstore/usage.go:93.2,97.16 3 1
github.com/gateyes/gateway/internal/repository/sqlstore/usage.go:97.16,99.3 1 0
github.com/gateyes/gateway/internal/repository/sqlstore/usage.go:100.2,103.18 3 1
github.com/gateyes/gateway/internal/repository/sqlstore/usage.go:103.18,112.17 2 1
github.com/gateyes/gateway/internal/repository/sqlstore/usage.go:112.17,114.4 1 0
github.com/gateyes/gateway/internal/repository/sqlstore/usage.go:115.3,115.35 1 1
github.com/gateyes/gateway/internal/repository/sqlstore/usage.go:118.2,118.35 1 1
github.com/gateyes/gateway/internal/repository/sqlstore/usage.go:118.35,120.3 1 0
github.com/gateyes/gateway/internal/repository/sqlstore/usage.go:122.2,122.20 1 1
github.com/gateyes/gateway/internal/repository/sqlstore/usage.go:125.146,134.25 3 0
github.com/gateyes/gateway/internal/repository/sqlstore/usage.go:134.25,137.3 2 0
github.com/gateyes/gateway/internal/repository/sqlstore/usage.go:138.2,138.23 1 0
github.com/gateyes/gateway/internal/repository/sqlstore/usage.go:138.23,141.3 2 0
github.com/gateyes/gateway/internal/repository/sqlstore/usage.go:142.2,145.16 3 0
github.com/gateyes/gateway/internal/repository/sqlstore/usage.go:145.16,147.3 1 0
github.com/gateyes/gateway/internal/repository/sqlstore/usage.go:148.2,151.18 3 0
github.com/gateyes/gateway/internal/repository/sqlstore/usage.go:151.18,157.17 2 0
github.com/gateyes/gateway/internal/repository/sqlstore/usage.go:157.17,159.4 1 0
github.com/gateyes/gateway/internal/repository/sqlstore/usage.go:160.3,160.31 1 0
github.com/gateyes/gateway/internal/repository/sqlstore/usage.go:162.2,162.28 1 0
github.com/gateyes/gateway/internal/repository/sqlstore/usage.go:165.124,167.2 1 0
github.com/gateyes/gateway/internal/repository/sqlstore/usage.go:169.118,171.2 1 0
github.com/gateyes/gateway/internal/repository/sqlstore/usage.go:173.120,174.15 1 0
github.com/gateyes/gateway/internal/repository/sqlstore/usage.go:174.15,176.3 1 0
github.com/gateyes/gateway/internal/repository/sqlstore/usage.go:178.2,190.18 3 0
github.com/gateyes/gateway/internal/repository/sqlstore/usage.go:190.18,193.3 2 0
github.com/gateyes/gateway/internal/repository/sqlstore/usage.go:195.2,201.16 5 0
github.com/gateyes/gateway/internal/repository/sqlstore/usage.go:201.16,203.3 1 0
github.com/gateyes/gateway/internal/repository/sqlstore/usage.go:204.2,207.18 3 0
github.com/gateyes/gateway/internal/repository/sqlstore/usage.go:207.18,216.17 2 0
github.com/gateyes/gateway/internal/repository/sqlstore/usage.go:216.17,218.4 1 0
github.com/gateyes/gateway/internal/repository/sqlstore/usage.go:219.3,219.31 1 0
github.com/gateyes/gateway/internal/repository/sqlstore/usage.go:221.2,221.28 1 0
github.com/gateyes/gateway/internal/service/responses/service.go:71.39,81.2 1 1
github.com/gateyes/gateway/internal/service/responses/service.go:83.154,87.16 3 1
github.com/gateyes/gateway/internal/service/responses/service.go:87.16,89.3 1 0
github.com/gateyes/gateway/internal/service/responses/service.go:91.2,91.58 1 1
github.com/gateyes/gateway/internal/service/responses/service.go:91.58,92.52 1 1
github.com/gateyes/gateway/internal/service/responses/service.go:92.52,94.4 1 1
github.com/gateyes/gateway/internal/service/responses/service.go:97.2,99.15 3 1
github.com/gateyes/gateway/internal/service/responses/service.go:99.15,102.3 2 1
github.com/gateyes/gateway/internal/service/responses/service.go:104.2,106.16 3 1
github.com/gateyes/gateway/internal/service/responses/service.go:106.16,110.3 3 1
github.com/gateyes/gateway/internal/service/responses/service.go:112.2,113.79 2 1
github.com/gateyes/gateway/internal/service/responses/service.go:113.79,115.3 1 0
github.com/gateyes/gateway/internal/service/responses/service.go:117.2,117.43 1 1
github.com/gateyes/gateway/internal/service/responses/service.go:117.43,120.3 2 1
github.com/gateyes/gateway/internal/service/responses/service.go:122.2,128.8 1 1
github.com/gateyes/gateway/internal/service/responses/service.go:131.154,135.16 3 1
github.com/gateyes/gateway/internal/service/responses/service.go:135.16,137.3 1 0
github.com/gateyes/gateway/internal/service/responses/service.go:139.2,150.8 4 1
github.com/gateyes/gateway/internal/service/responses/service.go:153.152,155.16 2 1
github.com/gateyes/gateway/internal/service/responses/service.go:155.16,157.3 1 0
github.com/gateyes/gateway/internal/service/responses/service.go:158.2,158.21 1 1
github.com/gateyes/gateway/internal/service/responses/service.go:158.21,160.3 1 0
github.com/gateyes/gateway/internal/service/responses/service.go:162.2,173.17 3 1
github.com/gateyes/gateway/internal/service/responses/service.go:173.17,175.3 1 0
github.com/gateyes/gateway/internal/service/responses/service.go:177.2,195.8 2 1
github.com/gateyes/gateway/internal/service/responses/service.go:198.148,200.62 2 1
github.com/gateyes/gateway/internal/service/responses/service.go:200.62,202.3 1 0
github.com/gateyes/gateway/internal/service/responses/service.go:204.2,209.90 5 1
github.com/gateyes/gateway/internal/service/responses/service.go:209.90,211.3 1 0
github.com/gateyes/gateway/internal/service/responses/service.go:213.2,221.17 2 1
github.com/gateyes/gateway/internal/service/responses/service.go:221.17,223.3 1 0
github.com/gateyes/gateway/internal/service/responses/service.go:225.2,237.16 1 1
github.com/gateyes/gateway/internal/service/responses/service.go:237.16,238.44 1 0
github.com/gateyes/gateway/internal/service/responses/service.go:238.44,240.4 1 0
github.com/gateyes/gateway/internal/service/responses/service.go:241.3,241.18 1 0
github.com/gateyes/gateway/internal/service/responses/service.go:244.2,251.8 1 1
github.com/gateyes/gateway/internal/service/responses/service.go:254.157,260.15 5 1
github.com/gateyes/gateway/internal/service/responses/service.go:260.15,263.3 2 1
github.com/gateyes/gateway/internal/service/responses/service.go:265.2,280.6 5 1
github.com/gateyes/gateway/internal/service/responses/service.go:280.6,281.10 1 1
github.com/gateyes/gateway/internal/service/responses/service.go:282.30,283.11 1 1
github.com/gateyes/gateway/internal/service/responses/service.go:283.11,284.29 1 1
github.com/gateyes/gateway/internal/service/responses/service.go:284.29,290.6 1 0
github.com/gateyes/gateway/internal/service/responses/service.go:291.5,293.91 3 1
github.com/gateyes/gateway/internal/service/responses/service.go:293.91,296.6 2 0
github.com/gateyes/gateway/internal/service/responses/service.go:297.5,298.11 2 1
github.com/gateyes/gateway/internal/service/responses/service.go:301.4,301.22 1 1
github.com/gateyes/gateway/internal/service/responses/service.go:302.38,304.17 2 1
github.com/gateyes/gateway/internal/service/responses/service.go:305.30,306.35 1 1
github.com/gateyes/gateway/internal/service/responses/service.go:308.31,309.18 1 1
github.com/gateyes/gateway/internal/service/responses/service.go:309.18,310.13 1 1
github.com/gateyes/gateway/internal/service/responses/service.go:312.4,316.10 5 0
github.com/gateyes/gateway/internal/service/responses/service.go:317.21,318.10 1 0
github.com/gateyes/gateway/internal/service/responses/service.go:323.155,325.113 2 1
github.com/gateyes/gateway/internal/service/responses/service.go:325.113,327.3 1 0
github.com/gateyes/gateway/internal/service/responses/service.go:329.2,337.17 2 1
github.com/gateyes/gateway/internal/service/responses/service.go:337.17,339.3 1 0
github.com/gateyes/gateway/internal/service/responses/service.go:341.2,353.16 1 1
github.com/gateyes/gateway/internal/service/responses/service.go:353.16,354.44 1 0
github.com/gateyes/gateway/internal/service/responses/service.go:354.44,356.4 1 0
github.com/gateyes/gateway/internal/service/responses/service.go:357.3,357.13 1 0
github.com/gateyes/gateway/internal/service/responses/service.go:360.2,363.20 2 1
github.com/gateyes/gateway/internal/service/responses/service.go:363.20,365.3 1 0
github.com/gateyes/gateway/internal/service/responses/service.go:367.2,367.12 1 1
github.com/gateyes/gateway/internal/service/responses/service.go:370.196,371.55 1 1
github.com/gateyes/gateway/internal/service/responses/service.go:371.55,373.3 1 1
github.com/gateyes/gateway/internal/service/responses/service.go:374.2,374.88 1 0
github.com/gateyes/gateway/internal/service/responses/service.go:377.195,400.2 3 0
github.com/gateyes/gateway/internal/service/responses/service.go:402.125,411.2 2 1
github.com/gateyes/gateway/internal/service/responses/service.go:413.98,414.17 1 1
github.com/gateyes/gateway/internal/service/responses/service.go:414.17,416.3 1 0
github.com/gateyes/gateway/internal/service/responses/service.go:417.2,417.19 1 1
github.com/gateyes/gateway/internal/service/responses/service.go:417.19,419.3 1 0
github.com/gateyes/gateway/internal/service/responses/service.go:419.8,421.3 1 1
github.com/gateyes/gateway/internal/service/responses/service.go:422.2,422.23 1 1
github.com/gateyes/gateway/internal/service/responses/service.go:422.23,424.3 1 0
github.com/gateyes/gateway/internal/service/responses/service.go:425.2,425.23 1 1
github.com/gateyes/gateway/internal/service/responses/service.go:425.23,427.3 1 0
github.com/gateyes/gateway/internal/service/responses/service.go:428.2,429.23 2 1
github.com/gateyes/gateway/internal/service/responses/service.go:429.23,431.3 1 1
github.com/gateyes/gateway/internal/service/responses/service.go:432.2,432.34 1 1
github.com/gateyes/gateway/internal/service/responses/service.go:432.34,434.3 1 0
github.com/gateyes/gateway/internal/service/responses/service.go:435.2,435.38 1 1
github.com/gateyes/gateway/internal/service/responses/service.go:435.38,437.3 1 0
github.com/gateyes/gateway/internal/service/responses/service.go:438.2,438.33 1 1
github.com/gateyes/gateway/internal/service/responses/service.go:438.33,440.3 1 0
github.com/gateyes/gateway/internal/service/responses/service.go:441.2,441.13 1 1
github.com/gateyes/gateway/internal/service/responses/service.go:444.135,446.16 2 1
github.com/gateyes/gateway/internal/service/responses/service.go:446.16,448.3 1 0
github.com/gateyes/gateway/internal/service/responses/service.go:449.2,449.86 1 1
github.com/gateyes/gateway/internal/service/responses/service.go:452.36,453.9 1 0
github.com/gateyes/gateway/internal/service/responses/service.go:454.47,455.84 1 0
github.com/gateyes/gateway/internal/service/responses/service.go:456.45,457.79 1 0
github.com/gateyes/gateway/internal/service/responses/service.go:458.37,459.77 1 0
github.com/gateyes/gateway/internal/service/responses/service.go:460.10,461.77 1 0
github.com/gateyes/gateway/internal/service/responses/service.go:471.34,473.2 1 0
github.com/gateyes/gateway/internal/middleware/context.go:19.69,21.2 1 1
github.com/gateyes/gateway/internal/middleware/context.go:23.64,25.9 2 1
github.com/gateyes/gateway/internal/middleware/context.go:25.9,27.3 1 0
github.com/gateyes/gateway/internal/middleware/context.go:29.2,30.21 2 1
github.com/gateyes/gateway/internal/middleware/context.go:33.56,35.2 1 1
github.com/gateyes/gateway/internal/middleware/context.go:37.58,39.9 2 1
github.com/gateyes/gateway/internal/middleware/context.go:39.9,41.3 1 0
github.com/gateyes/gateway/internal/middleware/context.go:43.2,44.17 2 1
github.com/gateyes/gateway/internal/middleware/middleware.go:23.75,28.2 1 1
github.com/gateyes/gateway/internal/middleware/middleware.go:30.47,32.2 1 0
github.com/gateyes/gateway/internal/middleware/middleware.go:34.45,35.30 1 1
github.com/gateyes/gateway/internal/middleware/middleware.go:35.30,38.17 3 1
github.com/gateyes/gateway/internal/middleware/middleware.go:38.17,41.46 3 1
github.com/gateyes/gateway/internal/middleware/middleware.go:41.46,44.5 2 0
github.com/gateyes/gateway/internal/middleware/middleware.go:45.4,47.10 3 1
github.com/gateyes/gateway/internal/middleware/middleware.go:50.3,51.11 2 1
github.com/gateyes/gateway/internal/middleware/middleware.go:55.68,56.30 1 0
github.com/gateyes/gateway/internal/middleware/middleware.go:56.30,58.10 2 0
github.com/gateyes/gateway/internal/middleware/middleware.go:58.10,62.4 3 0
github.com/gateyes/gateway/internal/middleware/middleware.go:63.3,63.51 1 0
github.com/gateyes/gateway/internal/middleware/middleware.go:63.51,67.4 3 0
github.com/gateyes/gateway/internal/middleware/middleware.go:68.3,68.11 1 0
github.com/gateyes/gateway/internal/middleware/middleware.go:72.56,73.30 1 1
github.com/gateyes/gateway/internal/middleware/middleware.go:73.30,75.10 2 1
github.com/gateyes/gateway/internal/middleware/middleware.go:75.10,79.4 3 0
github.com/gateyes/gateway/internal/middleware/middleware.go:81.3,82.17 2 1
github.com/gateyes/gateway/internal/middleware/middleware.go:82.17,86.4 3 0
github.com/gateyes/gateway/internal/middleware/middleware.go:87.3,87.47 1 1
github.com/gateyes/gateway/internal/middleware/middleware.go:87.47,91.4 3 1
github.com/gateyes/gateway/internal/middleware/middleware.go:92.3,92.55 1 1
github.com/gateyes/gateway/internal/middleware/middleware.go:92.55,96.4 3 1
github.com/gateyes/gateway/internal/middleware/middleware.go:97.3,97.103 1 1
github.com/gateyes/gateway/internal/middleware/middleware.go:97.103,101.4 3 1
github.com/gateyes/gateway/internal/middleware/middleware.go:103.3,104.11 2 1
github.com/gateyes/gateway/internal/middleware/middleware.go:108.63,110.16 2 1
github.com/gateyes/gateway/internal/middleware/middleware.go:110.16,112.3 1 0
github.com/gateyes/gateway/internal/middleware/middleware.go:113.2,116.51 3 1
github.com/gateyes/gateway/internal/middleware/middleware.go:116.51,118.3 1 0
github.com/gateyes/gateway/internal/middleware/middleware.go:119.2,124.8 2 1
github.com/gateyes/gateway/internal/handler/admin.go:20.91,26.2 1 1
github.com/gateyes/gateway/internal/handler/admin.go:28.53,31.9 3 0
github.com/gateyes/gateway/internal/handler/admin.go:31.9,33.3 1 0
github.com/gateyes/gateway/internal/handler/admin.go:35.2,35.72 1 0
github.com/gateyes/gateway/internal/handler/admin.go:38.52,41.9 3 0
github.com/gateyes/gateway/internal/handler/admin.go:41.9,43.3 1 0
github.com/gateyes/gateway/internal/handler/admin.go:45.2,46.33 2 0
github.com/gateyes/gateway/internal/handler/admin.go:46.33,47.38 1 0
github.com/gateyes/gateway/internal/handler/admin.go:47.38,50.4 2 0
github.com/gateyes/gateway/internal/handler/admin.go:53.2,53.67 1 0
github.com/gateyes/gateway/internal/handler/admin.go:56.57,58.2 1 0
github.com/gateyes/gateway/internal/handler/admin.go:70.51,74.47 3 0
github.com/gateyes/gateway/internal/handler/admin.go:74.47,77.3 2 0
github.com/gateyes/gateway/internal/handler/admin.go:79.2,80.9 2 0
github.com/gateyes/gateway/internal/handler/admin.go:80.9,82.3 1 0
github.com/gateyes/gateway/internal/handler/admin.go:83.2,83.76 1 0
github.com/gateyes/gateway/internal/handler/admin.go:83.76,84.36 1 0
github.com/gateyes/gateway/internal/handler/admin.go:84.36,87.4 2 0
github.com/gateyes/gateway/internal/handler/admin.go:88.3,89.9 2 0
github.com/gateyes/gateway/internal/handler/admin.go:92.2,93.16 2 0
github.com/gateyes/gateway/internal/handler/admin.go:93.16,95.3 1 0
github.com/gateyes/gateway/internal/handler/admin.go:96.2,96.85 1 0
github.com/gateyes/gateway/internal/handler/admin.go:96.85,99.3 2 0
github.com/gateyes/gateway/internal/handler/admin.go:101.2,102.16 2 0
github.com/gateyes/gateway/internal/handler/admin.go:102.16,104.3 1 0
github.com/gateyes/gateway/internal/handler/admin.go:106.2,107.16 2 0
github.com/gateyes/gateway/internal/handler/admin.go:107.16,110.3 2 0
github.com/gateyes/gateway/internal/handler/admin.go:111.2,112.16 2 0
github.com/gateyes/gateway/internal/handler/admin.go:112.16,115.3 2 0
github.com/gateyes/gateway/internal/handler/admin.go:117.2,129.16 2 0
github.com/gateyes/gateway/internal/handler/admin.go:129.16,132.3 2 0
github.com/gateyes/gateway/internal/handler/admin.go:134.2,151.5 1 0
github.com/gateyes/gateway/internal/handler/admin.go:154.50,157.9 3 0
github.com/gateyes/gateway/internal/handler/admin.go:157.9,159.3 1 0
github.com/gateyes/gateway/internal/handler/admin.go:161.2,162.16 2 0
github.com/gateyes/gateway/internal/handler/admin.go:162.16,165.3 2 0
github.com/gateyes/gateway/internal/handler/admin.go:167.2,168.29 2 0
github.com/gateyes/gateway/internal/handler/admin.go:168.29,170.3 1 0
github.com/gateyes/gateway/internal/handler/admin.go:172.2,172.46 1 0
github.com/gateyes/gateway/internal/handler/admin.go:175.48,178.48 3 0
github.com/gateyes/gateway/internal/handler/admin.go:178.48,180.3 1 0
github.com/gateyes/gateway/internal/handler/admin.go:182.2,183.16 2 0
github.com/gateyes/gateway/internal/handler/admin.go:183.16,184.36 1 0
github.com/gateyes/gateway/internal/handler/admin.go:184.36,187.4 2 0
github.com/gateyes/gateway/internal/handler/admin.go:188.3,189.9 2 0
github.com/gateyes/gateway/internal/handler/admin.go:191.2,191.61 1 0
github.com/gateyes/gateway/internal/handler/admin.go:202.51,206.47 3 0
github.com/gateyes/gateway/internal/handler/admin.go:206.47,209.3 2 0
github.com/gateyes/gateway/internal/handler/admin.go:210.2,210.109 1 0
github.com/gateyes/gateway/internal/handler/admin.go:210.109,213.3 2 0
github.com/gateyes/gateway/internal/handler/admin.go:215.2,216.48 2 0
github.com/gateyes/gateway/internal/handler/admin.go:216.48,218.3 1 0
github.com/gateyes/gateway/internal/handler/admin.go:220.2,227.16 2 0
github.com/gateyes/gateway/internal/handler/admin.go:227.16,228.36 1 0
github.com/gateyes/gateway/internal/handler/admin.go:228.36,231.4 2 0
github.com/gateyes/gateway/internal/handler/admin.go:232.3,233.9 2 0
github.com/gateyes/gateway/internal/handler/admin.go:236.2,236.61 1 0
github.com/gateyes/gateway/internal/handler/admin.go:239.51,242.48 3 0
github.com/gateyes/gateway/internal/handler/admin.go:242.48,244.3 1 0
github.com/gateyes/gateway/internal/handler/admin.go:246.2,246.89 1 0
github.com/gateyes/gateway/internal/handler/admin.go:246.89,247.36 1 0
github.com/gateyes/gateway/internal/handler/admin.go:247.36,250.4 2 0
github.com/gateyes/gateway/internal/handler/admin.go:251.3,252.9 2 0
github.com/gateyes/gateway/internal/handler/admin.go:255.2,255.57 1 0
github.com/gateyes/gateway/internal/handler/admin.go:258.55,261.48 3 0
github.com/gateyes/gateway/internal/handler/admin.go:261.48,263.3 1 0
github.com/gateyes/gateway/internal/handler/admin.go:265.2,266.16 2 0
github.com/gateyes/gateway/internal/handler/admin.go:266.16,267.36 1 0
github.com/gateyes/gateway/internal/handler/admin.go:267.36,270.4 2 0
github.com/gateyes/gateway/internal/handler/admin.go:271.3,272.9 2 0
github.com/gateyes/gateway/internal/handler/admin.go:275.2,279.5 1 0
github.com/gateyes/gateway/internal/handler/admin.go:282.53,286.48 3 0
github.com/gateyes/gateway/internal/handler/admin.go:286.48,288.3 1 0
github.com/gateyes/gateway/internal/handler/admin.go:290.2,291.16 2 0
github.com/gateyes/gateway/internal/handler/admin.go:291.16,292.36 1 0
github.com/gateyes/gateway/internal/handler/admin.go:292.36,295.4 2 0
github.com/gateyes/gateway/internal/handler/admin.go:296.3,297.9 2 0
github.com/gateyes/gateway/internal/handler/admin.go:301.2,302.35 2 0
github.com/gateyes/gateway/internal/handler/admin.go:302.36,304.3 0 0
github.com/gateyes/gateway/internal/handler/admin.go:306.2,307.16 2 0
github.com/gateyes/gateway/internal/handler/admin.go:307.16,310.3 2 0
github.com/gateyes/gateway/internal/handler/admin.go:313.2,314.20 2 0
github.com/gateyes/gateway/internal/handler/admin.go:314.20,316.3 1 0
github.com/gateyes/gateway/internal/handler/admin.go:318.2,328.5 1 0
github.com/gateyes/gateway/internal/handler/admin.go:331.50,334.9 3 0
github.com/gateyes/gateway/internal/handler/admin.go:334.9,336.3 1 0
github.com/gateyes/gateway/internal/handler/admin.go:338.2,339.16 2 0
github.com/gateyes/gateway/internal/handler/admin.go:339.16,342.3 2 0
github.com/gateyes/gateway/internal/handler/admin.go:343.2,344.16 2 0
github.com/gateyes/gateway/internal/handler/admin.go:344.16,347.3 2 0
github.com/gateyes/gateway/internal/handler/admin.go:349.2,367.5 1 0
github.com/gateyes/gateway/internal/handler/admin.go:370.52,372.16 2 0
github.com/gateyes/gateway/internal/handler/admin.go:372.16,375.3 2 0
github.com/gateyes/gateway/internal/handler/admin.go:377.2,377.47 1 0
github.com/gateyes/gateway/internal/handler/admin.go:386.53,388.47 2 0
github.com/gateyes/gateway/internal/handler/admin.go:388.47,391.3 2 0
github.com/gateyes/gateway/internal/handler/admin.go:393.2,399.16 2 0
github.com/gateyes/gateway/internal/handler/admin.go:399.16,402.3 2 0
github.com/gateyes/gateway/internal/handler/admin.go:403.2,403.124 1 0
github.com/gateyes/gateway/internal/handler/admin.go:403.124,406.3 2 0
github.com/gateyes/gateway/internal/handler/admin.go:408.2,408.51 1 0
github.com/gateyes/gateway/internal/handler/admin.go:411.50,413.16 2 0
github.com/gateyes/gateway/internal/handler/admin.go:413.16,414.36 1 0
github.com/gateyes/gateway/internal/handler/admin.go:414.36,417.4 2 0
github.com/gateyes/gateway/internal/handler/admin.go:418.3,419.9 2 0
github.com/gateyes/gateway/internal/handler/admin.go:421.2,422.16 2 0
github.com/gateyes/gateway/internal/handler/admin.go:422.16,425.3 2 0
github.com/gateyes/gateway/internal/handler/admin.go:427.2,430.5 1 0
github.com/gateyes/gateway/internal/handler/admin.go:438.53,440.47 2 0
github.com/gateyes/gateway/internal/handler/admin.go:440.47,443.3 2 0
github.com/gateyes/gateway/internal/handler/admin.go:445.2,449.16 2 0
github.com/gateyes/gateway/internal/handler/admin.go:449.16,450.36 1 0
github.com/gateyes/gateway/internal/handler/admin.go:450.36,453.4 2 0
github.com/gateyes/gateway/internal/handler/admin.go:454.3,455.9 2 0
github.com/gateyes/gateway/internal/handler/admin.go:458.2,458.46 1 0
github.com/gateyes/gateway/internal/handler/admin.go:465.63,467.47 2 0
github.com/gateyes/gateway/internal/handler/admin.go:467.47,470.3 2 0
github.com/gateyes/gateway/internal/handler/admin.go:471.2,471.41 1 0
github.com/gateyes/gateway/internal/handler/admin.go:471.41,474.3 2 0
github.com/gateyes/gateway/internal/handler/admin.go:476.2,477.16 2 0
github.com/gateyes/gateway/internal/handler/admin.go:477.16,478.36 1 0
github.com/gateyes/gateway/internal/handler/admin.go:478.36,481.4 2 0
github.com/gateyes/gateway/internal/handler/admin.go:482.3,483.9 2 0
github.com/gateyes/gateway/internal/handler/admin.go:486.2,486.102 1 0
github.com/gateyes/gateway/internal/handler/admin.go:486.102,489.3 2 0
github.com/gateyes/gateway/internal/handler/admin.go:491.2,494.5 1 0
github.com/gateyes/gateway/internal/handler/admin.go:497.83,499.16 2 0
github.com/gateyes/gateway/internal/handler/admin.go:499.16,501.3 1 0
github.com/gateyes/gateway/internal/handler/admin.go:503.2,504.20 2 0
github.com/gateyes/gateway/internal/handler/admin.go:504.20,506.3 1 0
github.com/gateyes/gateway/internal/handler/admin.go:506.8,508.17 2 0
github.com/gateyes/gateway/internal/handler/admin.go:508.17,510.4 1 0
github.com/gateyes/gateway/internal/handler/admin.go:511.3,511.55 1 0
github.com/gateyes/gateway/internal/handler/admin.go:514.2,515.50 2 0
github.com/gateyes/gateway/internal/handler/admin.go:515.50,517.3 1 0
github.com/gateyes/gateway/internal/handler/admin.go:519.2,520.41 2 0
github.com/gateyes/gateway/internal/handler/admin.go:520.41,537.3 3 0
github.com/gateyes/gateway/internal/handler/admin.go:539.2,539.15 1 0
github.com/gateyes/gateway/internal/handler/admin.go:542.104,543.48 1 0
github.com/gateyes/gateway/internal/handler/admin.go:543.48,545.3 1 0
github.com/gateyes/gateway/internal/handler/admin.go:546.2,546.32 1 0
github.com/gateyes/gateway/internal/handler/admin.go:549.128,550.48 1 0
github.com/gateyes/gateway/internal/handler/admin.go:550.48,551.22 1 0
github.com/gateyes/gateway/internal/handler/admin.go:551.22,554.4 2 0
github.com/gateyes/gateway/internal/handler/admin.go:555.3,555.25 1 0
github.com/gateyes/gateway/internal/handler/admin.go:557.2,557.32 1 0
github.com/gateyes/gateway/internal/handler/admin.go:560.63,562.52 2 0
github.com/gateyes/gateway/internal/handler/admin.go:562.52,564.3 1 0
github.com/gateyes/gateway/internal/handler/admin.go:565.2,565.29 1 0
github.com/gateyes/gateway/internal/handler/admin.go:565.29,566.32 1 0
github.com/gateyes/gateway/internal/handler/admin.go:566.32,568.4 1 0
github.com/gateyes/gateway/internal/handler/admin.go:570.2,570.13 1 0
github.com/gateyes/gateway/internal/handler/admin.go:573.61,574.21 1 0
github.com/gateyes/gateway/internal/handler/admin.go:574.21,576.3 1 0
github.com/gateyes/gateway/internal/handler/admin.go:577.2,577.26 1 0
github.com/gateyes/gateway/internal/handler/admin.go:580.56,582.29 2 0
github.com/gateyes/gateway/internal/handler/admin.go:582.29,584.3 1 0
github.com/gateyes/gateway/internal/handler/admin.go:585.2,585.14 1 0
github.com/gateyes/gateway/internal/handler/admin.go:588.59,589.18 1 0
github.com/gateyes/gateway/internal/handler/admin.go:589.18,591.3 1 0
github.com/gateyes/gateway/internal/handler/admin.go:592.2,592.21 1 0
github.com/gateyes/gateway/internal/handler/admin.go:595.56,596.18 1 0
github.com/gateyes/gateway/internal/handler/admin.go:596.18,598.3 1 0
github.com/gateyes/gateway/internal/handler/admin.go:599.2,599.26 1 0
github.com/gateyes/gateway/internal/handler/admin.go:602.55,620.2 1 0
github.com/gateyes/gateway/internal/handler/admin.go:622.49,623.21 1 0
github.com/gateyes/gateway/internal/handler/admin.go:623.21,625.3 1 0
github.com/gateyes/gateway/internal/handler/admin.go:626.2,626.31 1 0
github.com/gateyes/gateway/internal/handler/admin.go:629.56,630.27 1 0
github.com/gateyes/gateway/internal/handler/admin.go:630.27,632.3 1 0
github.com/gateyes/gateway/internal/handler/admin.go:633.2,633.67 1 0
github.com/gateyes/gateway/internal/handler/admin.go:636.45,637.16 1 0
github.com/gateyes/gateway/internal/handler/admin.go:637.16,639.3 1 0
github.com/gateyes/gateway/internal/handler/admin.go:640.2,640.41 1 0
github.com/gateyes/gateway/internal/handler/handler.go:47.44,60.2 1 1
github.com/gateyes/gateway/internal/handler/handler.go:62.46,70.2 1 1
github.com/gateyes/gateway/internal/handler/handler.go:72.40,76.47 3 1
github.com/gateyes/gateway/internal/handler/handler.go:76.47,80.3 3 0
github.com/gateyes/gateway/internal/handler/handler.go:82.2,83.9 2 1
github.com/gateyes/gateway/internal/handler/handler.go:83.9,86.3 2 0
github.com/gateyes/gateway/internal/handler/handler.go:88.2,89.16 2 1
github.com/gateyes/gateway/internal/handler/handler.go:89.16,91.17 2 0
github.com/gateyes/gateway/internal/handler/handler.go:91.17,94.4 2 0
github.com/gateyes/gateway/internal/handler/handler.go:95.3,96.9 2 0
github.com/gateyes/gateway/internal/handler/handler.go:99.2,100.16 2 1
github.com/gateyes/gateway/internal/handler/handler.go:100.16,103.3 2 0
github.com/gateyes/gateway/internal/handler/handler.go:105.2,105.21 1 1
github.com/gateyes/gateway/internal/handler/handler.go:105.21,107.3 1 0
github.com/gateyes/gateway/internal/handler/handler.go:107.8,107.32 1 1
github.com/gateyes/gateway/internal/handler/handler.go:107.32,109.3 1 0
github.com/gateyes/gateway/internal/handler/handler.go:110.2,111.72 2 1
github.com/gateyes/gateway/internal/handler/handler.go:114.45,116.2 1 1
github.com/gateyes/gateway/internal/handler/handler.go:118.42,120.9 2 0
github.com/gateyes/gateway/internal/handler/handler.go:120.9,123.3 2 0
github.com/gateyes/gateway/internal/handler/handler.go:125.2,126.16 2 0
github.com/gateyes/gateway/internal/handler/handler.go:126.16,129.3 2 0
github.com/gateyes/gateway/internal/handler/handler.go:130.2,132.30 3 0
github.com/gateyes/gateway/internal/handler/handler.go:132.30,140.3 1 0
github.com/gateyes/gateway/internal/handler/handler.go:141.2,141.46 1 0
github.com/gateyes/gateway/internal/handler/handler.go:144.43,146.2 1 0
github.com/gateyes/gateway/internal/handler/handler.go:148.42,150.2 1 0
github.com/gateyes/gateway/internal/handler/handler.go:152.41,153.41 1 0
github.com/gateyes/gateway/internal/handler/handler.go:153.41,156.3 2 0
github.com/gateyes/gateway/internal/handler/handler.go:157.2,157.49 1 0
github.com/gateyes/gateway/internal/handler/handler.go:160.132,162.34 2 1
github.com/gateyes/gateway/internal/handler/handler.go:162.34,164.3 1 0
github.com/gateyes/gateway/internal/handler/handler.go:165.2,166.14 2 1
github.com/gateyes/gateway/internal/handler/handler.go:166.14,168.3 1 0
github.com/gateyes/gateway/internal/handler/handler.go:170.2,173.74 4 1
github.com/gateyes/gateway/internal/handler/handler.go:176.79,179.46 3 0
github.com/gateyes/gateway/internal/handler/handler.go:179.46,181.3 1 0
github.com/gateyes/gateway/internal/handler/handler.go:182.2,183.89 2 0
github.com/gateyes/gateway/internal/handler/handler.go:186.50,187.9 1 0
github.com/gateyes/gateway/internal/handler/handler.go:188.49,189.39 1 0
github.com/gateyes/gateway/internal/handler/handler.go:190.48,191.35 1 0
github.com/gateyes/gateway/internal/handler/handler.go:192.93,193.33 1 0
github.com/gateyes/gateway/internal/handler/handler.go:194.88,195.30 1 0
github.com/gateyes/gateway/internal/handler/handler.go:196.89,197.36 1 0
github.com/gateyes/gateway/internal/handler/handler.go:198.86,199.31 1 0
github.com/gateyes/gateway/internal/handler/handler.go:200.10,201.31 1 0
github.com/gateyes/gateway/internal/handler/handler.go:205.50,207.16 2 1
github.com/gateyes/gateway/internal/handler/handler.go:207.16,209.3 1 0
github.com/gateyes/gateway/internal/handler/handler.go:210.2,211.12 2 1
github.com/gateyes/gateway/internal/handler/handler.go:214.35,216.2 1 1
github.com/gateyes/gateway/internal/handler/responses.go:15.47,17.9 2 0
github.com/gateyes/gateway/internal/handler/responses.go:17.9,20.3 2 0
github.com/gateyes/gateway/internal/handler/responses.go:22.2,23.16 2 0
github.com/gateyes/gateway/internal/handler/responses.go:23.16,24.36 1 0
github.com/gateyes/gateway/internal/handler/responses.go:24.36,27.4 2 0
github.com/gateyes/gateway/internal/handler/responses.go:28.3,29.9 2 0
github.com/gateyes/gateway/internal/handler/responses.go:31.2,31.35 1 0
github.com/gateyes/gateway/internal/handler/responses.go:31.35,34.3 2 0
github.com/gateyes/gateway/internal/handler/responses.go:36.2,36.64 1 0
github.com/gateyes/gateway/internal/handler/responses.go:39.57,43.47 3 1
github.com/gateyes/gateway/internal/handler/responses.go:43.47,47.3 3 0
github.com/gateyes/gateway/internal/handler/responses.go:48.2,51.9 3 1
github.com/gateyes/gateway/internal/handler/responses.go:51.9,54.3 2 0
github.com/gateyes/gateway/internal/handler/responses.go:56.2,56.16 1 1
github.com/gateyes/gateway/internal/handler/responses.go:56.16,58.17 2 1
github.com/gateyes/gateway/internal/handler/responses.go:58.17,61.4 2 0
github.com/gateyes/gateway/internal/handler/responses.go:62.3,63.9 2 1
github.com/gateyes/gateway/internal/handler/responses.go:66.2,67.16 2 1
github.com/gateyes/gateway/internal/handler/responses.go:67.16,70.3 2 0
github.com/gateyes/gateway/internal/handler/responses.go:72.2,72.21 1 1
github.com/gateyes/gateway/internal/handler/responses.go:72.21,74.3 1 0
github.com/gateyes/gateway/internal/handler/responses.go:74.8,74.32 1 1
github.com/gateyes/gateway/internal/handler/responses.go:74.32,76.3 1 0
github.com/gateyes/gateway/internal/handler/responses.go:77.2,78.40 2 1
github.com/gateyes/gateway/internal/handler/responses.go:81.102,88.9 6 1
github.com/gateyes/gateway/internal/handler/responses.go:88.9,91.3 2 0
github.com/gateyes/gateway/internal/handler/responses.go:93.2,93.6 1 1
github.com/gateyes/gateway/internal/handler/responses.go:93.6,94.10 1 1
github.com/gateyes/gateway/internal/handler/responses.go:95.37,96.11 1 1
github.com/gateyes/gateway/internal/handler/responses.go:96.11,100.5 3 1
github.com/gateyes/gateway/internal/handler/responses.go:101.4,101.45 1 1
github.com/gateyes/gateway/internal/handler/responses.go:101.45,103.5 1 0
github.com/gateyes/gateway/internal/handler/responses.go:104.4,105.67 2 1
github.com/gateyes/gateway/internal/handler/responses.go:105.67,107.5 1 1
github.com/gateyes/gateway/internal/handler/responses.go:108.35,109.24 1 0
github.com/gateyes/gateway/internal/handler/responses.go:109.24,114.5 4 0
github.com/gateyes/gateway/internal/handler/responses.go:115.37,116.10 1 0
github.com/gateyes/gateway/internal/handler/responses.go:121.101,128.9 6 0
github.com/gateyes/gateway/internal/handler/responses.go:128.9,131.3 2 0
github.com/gateyes/gateway/internal/handler/responses.go:133.2,133.6 1 0
github.com/gateyes/gateway/internal/handler/responses.go:133.6,134.10 1 0
github.com/gateyes/gateway/internal/handler/responses.go:135.37,136.11 1 0
github.com/gateyes/gateway/internal/handler/responses.go:136.11,140.5 3 0
github.com/gateyes/gateway/internal/handler/responses.go:142.4,143.20 2 0
github.com/gateyes/gateway/internal/handler/responses.go:143.20,144.13 1 0
github.com/gateyes/gateway/internal/handler/responses.go:146.4,146.45 1 0
github.com/gateyes/gateway/internal/handler/responses.go:146.45,148.5 1 0
github.com/gateyes/gateway/internal/handler/responses.go:149.4,150.67 2 0
github.com/gateyes/gateway/internal/handler/responses.go:150.67,152.5 1 0
github.com/gateyes/gateway/internal/handler/responses.go:153.35,154.24 1 0
github.com/gateyes/gateway/internal/handler/responses.go:154.24,159.5 4 0
github.com/gateyes/gateway/internal/handler/responses.go:160.37,161.10 1 0
github.com/gateyes/gateway/internal/handler/server.go:24.110,37.2 11 1
github.com/gateyes/gateway/internal/handler/server.go:37.2,40.3 2 1
github.com/gateyes/gateway/internal/handler/server.go:42.2,44.2 3 1
github.com/gateyes/gateway/internal/handler/server.go:44.2,47.3 2 1
github.com/gateyes/gateway/internal/handler/server.go:49.2,52.2 4 1
github.com/gateyes/gateway/internal/handler/server.go:52.2,64.3 11 1
github.com/gateyes/gateway/internal/handler/server.go:66.2,68.2 3 1
github.com/gateyes/gateway/internal/handler/server.go:68.2,74.3 5 1
github.com/gateyes/gateway/internal/handler/server.go:76.2,76.42 1 1
github.com/gateyes/gateway/internal/handler/server.go:79.32,87.2 2 0
github.com/gateyes/gateway/internal/handler/server.go:89.54,92.2 2 0
github.com/gateyes/gateway/internal/service/router/router.go:20.49,25.2 1 1
github.com/gateyes/gateway/internal/service/router/router.go:27.62,31.2 3 1
github.com/gateyes/gateway/internal/service/router/router.go:33.68,35.2 1 1
github.com/gateyes/gateway/internal/service/router/router.go:37.97,41.26 3 1
github.com/gateyes/gateway/internal/service/router/router.go:41.26,43.3 1 1
github.com/gateyes/gateway/internal/service/router/router.go:45.2,45.24 1 1
github.com/gateyes/gateway/internal/service/router/router.go:46.16,47.48 1 1
github.com/gateyes/gateway/internal/service/router/router.go:48.20,49.39 1 1
github.com/gateyes/gateway/internal/service/router/router.go:50.20,51.39 1 1
github.com/gateyes/gateway/internal/service/router/router.go:52.16,53.47 1 1
github.com/gateyes/gateway/internal/service/router/router.go:54.10,55.40 1 1
github.com/gateyes/gateway/internal/service/router/router.go:59.39,63.2 3 1
github.com/gateyes/gateway/internal/service/router/router.go:65.39,68.23 3 1
github.com/gateyes/gateway/internal/service/router/router.go:68.23,70.3 1 1
github.com/gateyes/gateway/internal/service/router/router.go:73.85,77.2 3 1
github.com/gateyes/gateway/internal/service/router/router.go:79.84,82.31 3 1
github.com/gateyes/gateway/internal/service/router/router.go:82.31,84.21 2 1
github.com/gateyes/gateway/internal/service/router/router.go:84.21,87.4 2 1
github.com/gateyes/gateway/internal/service/router/router.go:89.2,89.17 1 1
github.com/gateyes/gateway/internal/service/router/router.go:92.84,95.31 3 1
github.com/gateyes/gateway/internal/service/router/router.go:95.31,96.29 1 1
github.com/gateyes/gateway/internal/service/router/router.go:96.29,99.4 2 1
github.com/gateyes/gateway/internal/service/router/router.go:101.2,101.17 1 1
github.com/gateyes/gateway/internal/service/router/router.go:104.99,105.21 1 1
github.com/gateyes/gateway/internal/service/router/router.go:105.21,107.3 1 1
github.com/gateyes/gateway/internal/service/router/router.go:109.2,110.31 2 1
github.com/gateyes/gateway/internal/service/router/router.go:110.31,112.3 1 1
github.com/gateyes/gateway/internal/service/router/router.go:114.2,115.15 2 1
github.com/gateyes/gateway/internal/service/router/router.go:115.15,117.3 1 0
github.com/gateyes/gateway/internal/service/router/router.go:118.2,118.26 1 1
github.com/gateyes/gateway/internal/service/provider/anthropic.go:65.63,72.2 1 0
github.com/gateyes/gateway/internal/service/provider/anthropic.go:74.48,74.69 1 0
github.com/gateyes/gateway/internal/service/provider/anthropic.go:75.48,75.69 1 0
github.com/gateyes/gateway/internal/service/provider/anthropic.go:76.48,76.72 1 0
github.com/gateyes/gateway/internal/service/provider/anthropic.go:77.48,77.70 1 0
github.com/gateyes/gateway/internal/service/provider/anthropic.go:78.48,78.95 1 0
github.com/gateyes/gateway/internal/service/provider/anthropic.go:79.66,81.2 1 0
github.com/gateyes/gateway/internal/service/provider/anthropic.go:83.106,85.16 2 0
github.com/gateyes/gateway/internal/service/provider/anthropic.go:85.16,87.3 1 0
github.com/gateyes/gateway/internal/service/provider/anthropic.go:89.2,90.16 2 0
github.com/gateyes/gateway/internal/service/provider/anthropic.go:90.16,92.3 1 0
github.com/gateyes/gateway/internal/service/provider/anthropic.go:93.2,95.38 2 0
github.com/gateyes/gateway/internal/service/provider/anthropic.go:95.38,98.3 2 0
github.com/gateyes/gateway/internal/service/provider/anthropic.go:100.2,101.74 2 0
github.com/gateyes/gateway/internal/service/provider/anthropic.go:101.74,103.3 1 0
github.com/gateyes/gateway/internal/service/provider/anthropic.go:105.2,105.64 1 0
github.com/gateyes/gateway/internal/service/provider/anthropic.go:108.124,112.12 3 0
github.com/gateyes/gateway/internal/service/provider/anthropic.go:112.12,117.17 4 0
github.com/gateyes/gateway/internal/service/provider/anthropic.go:117.17,120.4 2 0
github.com/gateyes/gateway/internal/service/provider/anthropic.go:122.3,123.17 2 0
github.com/gateyes/gateway/internal/service/provider/anthropic.go:123.17,126.4 2 0
github.com/gateyes/gateway/internal/service/provider/anthropic.go:127.3,129.39 2 0
github.com/gateyes/gateway/internal/service/provider/anthropic.go:129.39,133.4 3 0
github.com/gateyes/gateway/internal/service/provider/anthropic.go:135.3,146.7 11 0
github.com/gateyes/gateway/internal/service/provider/anthropic.go:146.7,148.18 2 0
github.com/gateyes/gateway/internal/service/provider/anthropic.go:148.18,149.22 1 0
github.com/gateyes/gateway/internal/service/provider/anthropic.go:149.22,150.26 1 0
github.com/gateyes/gateway/internal/service/provider/anthropic.go:150.26,161.7 1 0
github.com/gateyes/gateway/internal/service/provider/anthropic.go:162.6,162.12 1 0
github.com/gateyes/gateway/internal/service/provider/anthropic.go:164.5,165.11 2 0
github.com/gateyes/gateway/internal/service/provider/anthropic.go:168.4,169.18 2 0
github.com/gateyes/gateway/internal/service/provider/anthropic.go:169.18,171.13 2 0
github.com/gateyes/gateway/internal/service/provider/anthropic.go:174.4,174.41 1 0
github.com/gateyes/gateway/internal/service/provider/anthropic.go:174.41,176.13 2 0
github.com/gateyes/gateway/internal/service/provider/anthropic.go:178.4,178.41 1 0
github.com/gateyes/gateway/internal/service/provider/anthropic.go:178.41,179.13 1 0
github.com/gateyes/gateway/internal/service/provider/anthropic.go:182.4,183.24 2 0
github.com/gateyes/gateway/internal/service/provider/anthropic.go:184.25,194.63 2 0
github.com/gateyes/gateway/internal/service/provider/anthropic.go:194.63,195.14 1 0
github.com/gateyes/gateway/internal/service/provider/anthropic.go:197.5,198.34 2 0
github.com/gateyes/gateway/internal/service/provider/anthropic.go:198.34,200.6 1 0
github.com/gateyes/gateway/internal/service/provider/anthropic.go:201.5,201.51 1 0
github.com/gateyes/gateway/internal/service/provider/anthropic.go:202.31,212.63 2 0
github.com/gateyes/gateway/internal/service/provider/anthropic.go:212.63,213.14 1 0
github.com/gateyes/gateway/internal/service/provider/anthropic.go:215.5,215.36 1 0
github.com/gateyes/gateway/internal/service/provider/anthropic.go:216.17,217.29 1 0
github.com/gateyes/gateway/internal/service/provider/anthropic.go:217.29,224.7 2 0
github.com/gateyes/gateway/internal/service/provider/anthropic.go:225.6,225.39 1 0
github.com/gateyes/gateway/internal/service/provider/anthropic.go:225.39,234.7 2 0
github.com/gateyes/gateway/internal/service/provider/anthropic.go:235.21,238.43 3 0
github.com/gateyes/gateway/internal/service/provider/anthropic.go:238.43,240.7 1 0
github.com/gateyes/gateway/internal/service/provider/anthropic.go:241.6,247.7 1 0
github.com/gateyes/gateway/internal/service/provider/anthropic.go:249.31,256.63 2 0
github.com/gateyes/gateway/internal/service/provider/anthropic.go:256.63,257.14 1 0
github.com/gateyes/gateway/internal/service/provider/anthropic.go:259.5,259.31 1 0
github.com/gateyes/gateway/internal/service/provider/anthropic.go:259.31,260.61 1 0
github.com/gateyes/gateway/internal/service/provider/anthropic.go:260.61,262.7 1 0
github.com/gateyes/gateway/internal/service/provider/anthropic.go:263.6,263.14 1 0
github.com/gateyes/gateway/internal/service/provider/anthropic.go:265.5,265.28 1 0
github.com/gateyes/gateway/internal/service/provider/anthropic.go:265.28,272.6 2 0
github.com/gateyes/gateway/internal/service/provider/anthropic.go:273.5,273.51 1 0
github.com/gateyes/gateway/internal/service/provider/anthropic.go:273.51,278.6 1 0
github.com/gateyes/gateway/internal/service/provider/anthropic.go:278.11,281.6 2 0
github.com/gateyes/gateway/internal/service/provider/anthropic.go:282.5,285.6 1 0
github.com/gateyes/gateway/internal/service/provider/anthropic.go:286.30,287.27 1 0
github.com/gateyes/gateway/internal/service/provider/anthropic.go:287.27,288.14 1 0
github.com/gateyes/gateway/internal/service/provider/anthropic.go:290.5,298.28 6 0
github.com/gateyes/gateway/internal/service/provider/anthropic.go:299.25,305.63 2 0
github.com/gateyes/gateway/internal/service/provider/anthropic.go:305.63,306.14 1 0
github.com/gateyes/gateway/internal/service/provider/anthropic.go:308.5,308.37 1 0
github.com/gateyes/gateway/internal/service/provider/anthropic.go:308.37,310.6 1 0
github.com/gateyes/gateway/internal/service/provider/anthropic.go:311.24,312.30 1 0
github.com/gateyes/gateway/internal/service/provider/anthropic.go:312.30,314.6 1 0
github.com/gateyes/gateway/internal/service/provider/anthropic.go:315.5,325.11 2 0
github.com/gateyes/gateway/internal/service/provider/anthropic.go:326.17,332.63 2 0
github.com/gateyes/gateway/internal/service/provider/anthropic.go:332.63,335.6 2 0
github.com/gateyes/gateway/internal/service/provider/anthropic.go:336.5,337.11 2 0
github.com/gateyes/gateway/internal/service/provider/anthropic.go:342.2,342.22 1 0
github.com/gateyes/gateway/internal/service/provider/anthropic.go:345.104,349.46 3 1
github.com/gateyes/gateway/internal/service/provider/anthropic.go:349.46,351.23 2 1
github.com/gateyes/gateway/internal/service/provider/anthropic.go:352.30,353.18 1 1
github.com/gateyes/gateway/internal/service/provider/anthropic.go:353.18,355.5 1 1
github.com/gateyes/gateway/internal/service/provider/anthropic.go:356.20,358.23 2 1
github.com/gateyes/gateway/internal/service/provider/anthropic.go:358.23,360.5 1 1
github.com/gateyes/gateway/internal/service/provider/anthropic.go:361.15,362.32 1 1
github.com/gateyes/gateway/internal/service/provider/anthropic.go:362.32,363.13 1 0
github.com/gateyes/gateway/internal/service/provider/anthropic.go:365.4,372.6 1 1
github.com/gateyes/gateway/internal/service/provider/anthropic.go:373.15,375.23 2 1
github.com/gateyes/gateway/internal/service/provider/anthropic.go:375.23,377.5 1 1
github.com/gateyes/gateway/internal/service/provider/anthropic.go:378.11,379.18 1 0
github.com/gateyes/gateway/internal/service/provider/anthropic.go:379.18,380.13 1 0
github.com/gateyes/gateway/internal/service/provider/anthropic.go:382.4,388.6 1 0
github.com/gateyes/gateway/internal/service/provider/anthropic.go:392.2,393.20 2 1
github.com/gateyes/gateway/internal/service/provider/anthropic.go:393.20,395.3 1 1
github.com/gateyes/gateway/internal/service/provider/anthropic.go:396.2,396.20 1 1
github.com/gateyes/gateway/internal/service/provider/anthropic.go:396.20,398.3 1 0
github.com/gateyes/gateway/internal/service/provider/anthropic.go:400.2,406.8 1 1
github.com/gateyes/gateway/internal/service/provider/anthropic.go:409.111,412.16 3 0
github.com/gateyes/gateway/internal/service/provider/anthropic.go:412.16,414.3 1 0
github.com/gateyes/gateway/internal/service/provider/anthropic.go:415.2,418.20 4 0
github.com/gateyes/gateway/internal/service/provider/anthropic.go:418.20,420.3 1 0
github.com/gateyes/gateway/internal/service/provider/anthropic.go:421.2,421.29 1 0
github.com/gateyes/gateway/internal/service/provider/anthropic.go:424.87,426.17 2 1
github.com/gateyes/gateway/internal/service/provider/anthropic.go:426.17,428.3 1 1
github.com/gateyes/gateway/internal/service/provider/anthropic.go:430.2,442.3 1 1
github.com/gateyes/gateway/internal/service/provider/anthropic.go:445.125,446.27 1 0
github.com/gateyes/gateway/internal/service/provider/anthropic.go:446.27,448.3 1 0
github.com/gateyes/gateway/internal/service/provider/anthropic.go:449.2,461.3 1 0
github.com/gateyes/gateway/internal/service/provider/anthropic.go:464.68,466.43 2 1
github.com/gateyes/gateway/internal/service/provider/anthropic.go:467.14,468.20 1 1
github.com/gateyes/gateway/internal/service/provider/anthropic.go:468.20,470.4 1 1
github.com/gateyes/gateway/internal/service/provider/anthropic.go:471.13,472.32 1 0
github.com/gateyes/gateway/internal/service/provider/anthropic.go:472.32,474.10 2 0
github.com/gateyes/gateway/internal/service/provider/anthropic.go:474.10,476.5 1 0
github.com/gateyes/gateway/internal/service/provider/anthropic.go:478.22,480.9 2 0
github.com/gateyes/gateway/internal/service/provider/anthropic.go:480.9,482.4 1 0
github.com/gateyes/gateway/internal/service/provider/anthropic.go:483.10,484.47 1 1
github.com/gateyes/gateway/internal/service/provider/anthropic.go:484.47,486.4 1 0
github.com/gateyes/gateway/internal/service/provider/anthropic.go:489.2,489.41 1 1
github.com/gateyes/gateway/internal/service/provider/anthropic.go:489.41,496.3 1 1
github.com/gateyes/gateway/internal/service/provider/anthropic.go:497.2,497.15 1 1
github.com/gateyes/gateway/internal/service/provider/anthropic.go:500.71,502.9 2 0
github.com/gateyes/gateway/internal/service/provider/anthropic.go:502.9,504.17 2 0
github.com/gateyes/gateway/internal/service/provider/anthropic.go:504.17,506.4 1 0
github.com/gateyes/gateway/internal/service/provider/anthropic.go:507.3,507.63 1 0
github.com/gateyes/gateway/internal/service/provider/anthropic.go:509.2,510.16 2 0
github.com/gateyes/gateway/internal/service/provider/anthropic.go:510.16,512.3 1 0
github.com/gateyes/gateway/internal/service/provider/anthropic.go:513.2,513.62 1 0
github.com/gateyes/gateway/internal/service/provider/anthropic.go:522.21,525.31 3 1
github.com/gateyes/gateway/internal/service/provider/anthropic.go:525.31,526.21 1 1
github.com/gateyes/gateway/internal/service/provider/anthropic.go:527.15,528.30 1 1
github.com/gateyes/gateway/internal/service/provider/anthropic.go:528.30,535.5 2 1
github.com/gateyes/gateway/internal/service/provider/anthropic.go:536.4,539.6 1 1
github.com/gateyes/gateway/internal/service/provider/anthropic.go:540.19,549.6 2 1
github.com/gateyes/gateway/internal/service/provider/anthropic.go:552.2,552.16 1 1
github.com/gateyes/gateway/internal/service/provider/anthropic.go:555.55,557.21 2 1
github.com/gateyes/gateway/internal/service/provider/anthropic.go:557.21,559.3 1 0
github.com/gateyes/gateway/internal/service/provider/anthropic.go:560.2,561.56 2 1
github.com/gateyes/gateway/internal/service/provider/anthropic.go:561.56,563.3 1 1
github.com/gateyes/gateway/internal/service/provider/anthropic.go:564.2,565.12 2 0
github.com/gateyes/gateway/internal/service/provider/anthropic.go:568.61,570.33 2 0
github.com/gateyes/gateway/internal/service/provider/anthropic.go:570.33,571.37 1 0
github.com/gateyes/gateway/internal/service/provider/anthropic.go:571.37,574.12 3 0
github.com/gateyes/gateway/internal/service/provider/anthropic.go:576.3,576.42 1 0
github.com/gateyes/gateway/internal/service/provider/anthropic.go:576.42,578.4 1 0
github.com/gateyes/gateway/internal/service/provider/anthropic.go:580.2,580.25 1 0
github.com/gateyes/gateway/internal/service/provider/manager.go:15.64,21.34 2 0
github.com/gateyes/gateway/internal/service/provider/manager.go:21.34,22.27 1 0
github.com/gateyes/gateway/internal/service/provider/manager.go:22.27,23.12 1 0
github.com/gateyes/gateway/internal/service/provider/manager.go:26.3,27.17 2 0
github.com/gateyes/gateway/internal/service/provider/manager.go:27.17,29.4 1 0
github.com/gateyes/gateway/internal/service/provider/manager.go:31.3,34.36 3 0
github.com/gateyes/gateway/internal/service/provider/manager.go:34.36,36.4 1 0
github.com/gateyes/gateway/internal/service/provider/manager.go:39.2,39.21 1 0
github.com/gateyes/gateway/internal/service/provider/manager.go:42.53,45.2 2 0
github.com/gateyes/gateway/internal/service/provider/manager.go:47.37,49.39 2 0
github.com/gateyes/gateway/internal/service/provider/manager.go:49.39,51.3 1 0
github.com/gateyes/gateway/internal/service/provider/manager.go:52.2,52.15 1 0
github.com/gateyes/gateway/internal/service/provider/manager.go:55.58,56.21 1 0
github.com/gateyes/gateway/internal/service/provider/manager.go:56.21,58.3 1 0
github.com/gateyes/gateway/internal/service/provider/manager.go:60.2,61.29 2 0
github.com/gateyes/gateway/internal/service/provider/manager.go:61.29,62.44 1 0
github.com/gateyes/gateway/internal/service/provider/manager.go:62.44,64.4 1 0
github.com/gateyes/gateway/internal/service/provider/manager.go:66.2,66.15 1 0
github.com/gateyes/gateway/internal/service/provider/manager.go:69.63,70.18 1 0
github.com/gateyes/gateway/internal/service/provider/manager.go:71.29,72.37 1 0
github.com/gateyes/gateway/internal/service/provider/manager.go:73.19,74.40 1 0
github.com/gateyes/gateway/internal/service/provider/manager.go:75.10,76.68 1 0
github.com/gateyes/gateway/internal/service/provider/openai.go:23.60,30.2 1 0
github.com/gateyes/gateway/internal/service/provider/openai.go:32.45,32.66 1 0
github.com/gateyes/gateway/internal/service/provider/openai.go:33.45,33.66 1 0
github.com/gateyes/gateway/internal/service/provider/openai.go:34.45,34.69 1 0
github.com/gateyes/gateway/internal/service/provider/openai.go:35.45,35.67 1 0
github.com/gateyes/gateway/internal/service/provider/openai.go:36.45,36.92 1 0
github.com/gateyes/gateway/internal/service/provider/openai.go:37.63,39.2 1 0
github.com/gateyes/gateway/internal/service/provider/openai.go:41.103,43.16 2 0
github.com/gateyes/gateway/internal/service/provider/openai.go:43.16,45.3 1 0
github.com/gateyes/gateway/internal/service/provider/openai.go:47.2,48.16 2 0
github.com/gateyes/gateway/internal/service/provider/openai.go:48.16,50.3 1 0
github.com/gateyes/gateway/internal/service/provider/openai.go:51.2,53.42 2 0
github.com/gateyes/gateway/internal/service/provider/openai.go:53.42,56.3 2 0
github.com/gateyes/gateway/internal/service/provider/openai.go:59.2,60.16 2 0
github.com/gateyes/gateway/internal/service/provider/openai.go:60.16,62.3 1 0
github.com/gateyes/gateway/internal/service/provider/openai.go:65.2,65.24 1 0
github.com/gateyes/gateway/internal/service/provider/openai.go:66.19,68.57 2 0
github.com/gateyes/gateway/internal/service/provider/openai.go:68.57,70.4 1 0
github.com/gateyes/gateway/internal/service/provider/openai.go:71.3,71.52 1 0
github.com/gateyes/gateway/internal/service/provider/openai.go:72.10,75.57 2 0
github.com/gateyes/gateway/internal/service/provider/openai.go:75.57,77.4 1 0
github.com/gateyes/gateway/internal/service/provider/openai.go:78.3,78.60 1 0
github.com/gateyes/gateway/internal/service/provider/openai.go:82.121,86.12 3 0
github.com/gateyes/gateway/internal/service/provider/openai.go:86.12,91.17 4 0
github.com/gateyes/gateway/internal/service/provider/openai.go:91.17,94.4 2 0
github.com/gateyes/gateway/internal/service/provider/openai.go:95.3,98.17 3 0
github.com/gateyes/gateway/internal/service/provider/openai.go:98.17,101.4 2 0
github.com/gateyes/gateway/internal/service/provider/openai.go:102.3,104.39 2 0
github.com/gateyes/gateway/internal/service/provider/openai.go:104.39,108.4 3 0
github.com/gateyes/gateway/internal/service/provider/openai.go:110.3,111.7 2 0
github.com/gateyes/gateway/internal/service/provider/openai.go:111.7,113.18 2 0
github.com/gateyes/gateway/internal/service/provider/openai.go:113.18,114.22 1 0
github.com/gateyes/gateway/internal/service/provider/openai.go:114.22,116.6 1 0
github.com/gateyes/gateway/internal/service/provider/openai.go:117.5,118.11 2 0
github.com/gateyes/gateway/internal/service/provider/openai.go:121.4,122.55 2 0
github.com/gateyes/gateway/internal/service/provider/openai.go:122.55,123.13 1 0
github.com/gateyes/gateway/internal/service/provider/openai.go:126.4,127.24 2 0
github.com/gateyes/gateway/internal/service/provider/openai.go:127.24,129.5 1 0
github.com/gateyes/gateway/internal/service/provider/openai.go:131.4,132.18 2 0
github.com/gateyes/gateway/internal/service/provider/openai.go:132.18,135.5 2 0
github.com/gateyes/gateway/internal/service/provider/openai.go:136.4,136.20 1 0
github.com/gateyes/gateway/internal/service/provider/openai.go:136.20,137.13 1 0
github.com/gateyes/gateway/internal/service/provider/openai.go:139.4,139.20 1 0
github.com/gateyes/gateway/internal/service/provider/openai.go:143.2,143.22 1 0
github.com/gateyes/gateway/internal/service/provider/openai.go:146.116,149.20 2 0
github.com/gateyes/gateway/internal/service/provider/openai.go:149.20,151.3 1 0
github.com/gateyes/gateway/internal/service/provider/openai.go:153.2,156.18 3 0
github.com/gateyes/gateway/internal/service/provider/openai.go:157.19,164.59 3 0
github.com/gateyes/gateway/internal/service/provider/openai.go:164.59,166.4 1 0
github.com/gateyes/gateway/internal/service/provider/openai.go:167.14,174.59 3 0
github.com/gateyes/gateway/internal/service/provider/openai.go:174.59,176.4 1 0
github.com/gateyes/gateway/internal/service/provider/openai.go:177.10,185.59 3 0
github.com/gateyes/gateway/internal/service/provider/openai.go:185.59,187.4 1 0
github.com/gateyes/gateway/internal/service/provider/openai.go:190.2,193.16 3 0
github.com/gateyes/gateway/internal/service/provider/openai.go:193.16,195.3 1 0
github.com/gateyes/gateway/internal/service/provider/openai.go:196.2,198.21 3 0
github.com/gateyes/gateway/internal/service/provider/openai.go:201.60,203.35 2 1
github.com/gateyes/gateway/internal/service/provider/openai.go:203.35,204.31 1 1
github.com/gateyes/gateway/internal/service/provider/openai.go:204.31,210.12 2 1
github.com/gateyes/gateway/internal/service/provider/openai.go:213.3,213.78 1 1
github.com/gateyes/gateway/internal/service/provider/openai.go:213.78,215.18 2 1
github.com/gateyes/gateway/internal/service/provider/openai.go:215.18,217.5 1 0
github.com/gateyes/gateway/internal/service/provider/openai.go:218.4,221.6 1 1
github.com/gateyes/gateway/internal/service/provider/openai.go:224.3,224.42 1 1
github.com/gateyes/gateway/internal/service/provider/openai.go:224.42,232.4 1 1
github.com/gateyes/gateway/internal/service/provider/openai.go:234.2,234.14 1 1
github.com/gateyes/gateway/internal/service/provider/openai.go:238.71,240.31 2 0
github.com/gateyes/gateway/internal/service/provider/openai.go:240.31,242.17 2 0
github.com/gateyes/gateway/internal/service/provider/openai.go:242.17,244.4 1 0
github.com/gateyes/gateway/internal/service/provider/openai.go:245.3,249.5 2 0
github.com/gateyes/gateway/internal/service/provider/openai.go:251.2,251.15 1 0
github.com/gateyes/gateway/internal/service/provider/openai.go:254.62,255.35 1 1
github.com/gateyes/gateway/internal/service/provider/openai.go:256.11,257.13 1 1
github.com/gateyes/gateway/internal/service/provider/openai.go:258.14,259.20 1 0
github.com/gateyes/gateway/internal/service/provider/openai.go:259.20,261.4 1 0
github.com/gateyes/gateway/internal/service/provider/openai.go:262.3,265.5 1 0
github.com/gateyes/gateway/internal/service/provider/openai.go:266.13,268.32 2 1
github.com/gateyes/gateway/internal/service/provider/openai.go:268.32,270.10 2 1
github.com/gateyes/gateway/internal/service/provider/openai.go:270.10,272.5 1 1
github.com/gateyes/gateway/internal/service/provider/openai.go:274.3,274.15 1 1
github.com/gateyes/gateway/internal/service/provider/openai.go:275.22,277.10 2 0
github.com/gateyes/gateway/internal/service/provider/openai.go:277.10,279.4 1 0
github.com/gateyes/gateway/internal/service/provider/openai.go:280.3,280.32 1 0
github.com/gateyes/gateway/internal/service/provider/openai.go:281.10,283.17 2 0
github.com/gateyes/gateway/internal/service/provider/openai.go:283.17,285.4 1 0
github.com/gateyes/gateway/internal/service/provider/openai.go:286.3,289.5 1 0
github.com/gateyes/gateway/internal/service/provider/openai.go:293.63,295.9 2 1
github.com/gateyes/gateway/internal/service/provider/openai.go:295.9,297.17 2 0
github.com/gateyes/gateway/internal/service/provider/openai.go:297.17,299.4 1 0
github.com/gateyes/gateway/internal/service/provider/openai.go:300.3,303.10 1 0
github.com/gateyes/gateway/internal/service/provider/openai.go:306.2,308.16 3 1
github.com/gateyes/gateway/internal/service/provider/openai.go:308.16,310.3 1 0
github.com/gateyes/gateway/internal/service/provider/openai.go:311.2,314.9 1 1
github.com/gateyes/gateway/internal/service/provider/openai.go:317.54,318.18 1 1
github.com/gateyes/gateway/internal/service/provider/openai.go:319.29,320.22 1 1
github.com/gateyes/gateway/internal/service/provider/openai.go:321.10,322.18 1 0
github.com/gateyes/gateway/internal/service/provider/openai.go:375.91,381.61 2 0
github.com/gateyes/gateway/internal/service/provider/openai.go:381.61,383.3 1 0
github.com/gateyes/gateway/internal/service/provider/openai.go:386.2,386.28 1 0
github.com/gateyes/gateway/internal/service/provider/openai.go:386.28,388.3 1 0
github.com/gateyes/gateway/internal/service/provider/openai.go:391.2,391.20 1 0
github.com/gateyes/gateway/internal/service/provider/openai.go:392.36,397.64 2 0
github.com/gateyes/gateway/internal/service/provider/openai.go:397.64,399.4 1 0
github.com/gateyes/gateway/internal/service/provider/openai.go:400.3,403.9 1 0
github.com/gateyes/gateway/internal/service/provider/openai.go:404.35,410.64 2 0
github.com/gateyes/gateway/internal/service/provider/openai.go:410.64,412.4 1 0
github.com/gateyes/gateway/internal/service/provider/openai.go:413.3,414.22 2 0
github.com/gateyes/gateway/internal/service/provider/openai.go:414.22,416.4 1 0
github.com/gateyes/gateway/internal/service/provider/openai.go:417.3,418.20 2 0
github.com/gateyes/gateway/internal/service/provider/openai.go:418.20,420.4 1 0
github.com/gateyes/gateway/internal/service/provider/openai.go:421.3,424.9 1 0
github.com/gateyes/gateway/internal/service/provider/openai.go:425.28,430.64 2 0
github.com/gateyes/gateway/internal/service/provider/openai.go:430.64,432.4 1 0
github.com/gateyes/gateway/internal/service/provider/openai.go:433.3,437.9 2 0
github.com/gateyes/gateway/internal/service/provider/openai.go:438.25,446.64 2 0
github.com/gateyes/gateway/internal/service/provider/openai.go:446.64,448.4 1 0
github.com/gateyes/gateway/internal/service/provider/openai.go:449.3,449.43 1 0
github.com/gateyes/gateway/internal/service/provider/openai.go:449.43,451.4 1 0
github.com/gateyes/gateway/internal/service/provider/openai.go:452.3,452.57 1 0
github.com/gateyes/gateway/internal/service/provider/openai.go:453.10,455.56 1 0
github.com/gateyes/gateway/internal/service/provider/openai.go:459.91,489.61 2 0
github.com/gateyes/gateway/internal/service/provider/openai.go:489.61,491.3 1 0
github.com/gateyes/gateway/internal/service/provider/openai.go:493.2,493.29 1 0
github.com/gateyes/gateway/internal/service/provider/openai.go:493.29,495.3 1 0
github.com/gateyes/gateway/internal/service/provider/openai.go:497.2,503.30 3 0
github.com/gateyes/gateway/internal/service/provider/openai.go:503.30,504.38 1 0
github.com/gateyes/gateway/internal/service/provider/openai.go:504.38,512.4 1 0
[...]
github.com/gateyes/gateway/internal/service/provider/types.go:607.18,609.4 1 1
github.com/gateyes/gateway/internal/service/provider/types.go:611.2,611.11 1 1
github.com/gateyes/gateway/internal/service/limiter/limiter.go:36.52,52.2 4 1
github.com/gateyes/gateway/internal/service/limiter/limiter.go:54.42,61.2 1 1
github.com/gateyes/gateway/internal/service/limiter/limiter.go:65.46,73.24 6 1
github.com/gateyes/gateway/internal/service/limiter/limiter.go:73.24,75.3 1 1
github.com/gateyes/gateway/internal/service/limiter/limiter.go:76.2,78.19 2 1
github.com/gateyes/gateway/internal/service/limiter/limiter.go:78.19,81.3 2 1
github.com/gateyes/gateway/internal/service/limiter/limiter.go:82.2,82.14 1 1
github.com/gateyes/gateway/internal/service/limiter/limiter.go:85.32,88.6 3 1
github.com/gateyes/gateway/internal/service/limiter/limiter.go:88.6,89.10 1 1
github.com/gateyes/gateway/internal/service/limiter/limiter.go:90.19,93.36 3 0
github.com/gateyes/gateway/internal/service/limiter/limiter.go:93.36,95.5 1 0
github.com/gateyes/gateway/internal/service/limiter/limiter.go:96.4,96.18 1 0
github.com/gateyes/gateway/internal/service/limiter/limiter.go:97.19,98.10 1 1
github.com/gateyes/gateway/internal/service/limiter/limiter.go:103.33,104.6 1 1
github.com/gateyes/gateway/internal/service/limiter/limiter.go:104.6,105.10 1 1
github.com/gateyes/gateway/internal/service/limiter/limiter.go:106.25,108.11 2 1
github.com/gateyes/gateway/internal/service/limiter/limiter.go:109.31,109.31 0 1
github.com/gateyes/gateway/internal/service/limiter/limiter.go:110.12,110.12 0 0
github.com/gateyes/gateway/internal/service/limiter/limiter.go:112.19,113.10 1 1
github.com/gateyes/gateway/internal/service/limiter/limiter.go:118.54,120.39 1 1
github.com/gateyes/gateway/internal/service/limiter/limiter.go:120.39,122.3 1 1
github.com/gateyes/gateway/internal/service/limiter/limiter.go:125.2,129.13 4 1
github.com/gateyes/gateway/internal/service/limiter/limiter.go:129.13,131.38 2 1
github.com/gateyes/gateway/internal/service/limiter/limiter.go:131.38,133.4 1 1
github.com/gateyes/gateway/internal/service/limiter/limiter.go:134.3,135.16 2 1
github.com/gateyes/gateway/internal/service/limiter/limiter.go:138.2,138.29 1 1
github.com/gateyes/gateway/internal/service/limiter/limiter.go:141.75,149.9 2 1
github.com/gateyes/gateway/internal/service/limiter/limiter.go:150.22,151.10 1 1
github.com/gateyes/gateway/internal/service/limiter/limiter.go:152.31,153.17 1 1
github.com/gateyes/gateway/internal/service/limiter/limiter.go:154.21,155.16 1 1
github.com/gateyes/gateway/internal/service/limiter/limiter.go:157.20,158.15 1 0
github.com/gateyes/gateway/internal/service/limiter/limiter.go:162.26,165.2 2 1
github.com/gateyes/gateway/internal/service/limiter/limiter.go:167.35,169.2 1 1
github.com/gateyes/gateway/internal/service/alert/alert.go:48.84,49.18 1 1
github.com/gateyes/gateway/internal/service/alert/alert.go:49.18,51.3 1 1
github.com/gateyes/gateway/internal/service/alert/alert.go:52.2,57.3 1 1
github.com/gateyes/gateway/internal/service/alert/alert.go:61.96,62.46 1 1
github.com/gateyes/gateway/internal/service/alert/alert.go:62.46,64.3 1 1
github.com/gateyes/gateway/internal/service/alert/alert.go:67.2,69.50 3 1
github.com/gateyes/gateway/internal/service/alert/alert.go:69.50,70.46 1 1
github.com/gateyes/gateway/internal/service/alert/alert.go:70.46,73.4 2 1
github.com/gateyes/gateway/internal/service/alert/alert.go:75.2,78.25 2 1
github.com/gateyes/gateway/internal/service/alert/alert.go:78.25,80.3 1 1
github.com/gateyes/gateway/internal/service/alert/alert.go:81.2,84.45 2 1
github.com/gateyes/gateway/internal/service/alert/alert.go:84.45,86.3 1 1
github.com/gateyes/gateway/internal/service/alert/alert.go:89.2,110.15 5 1
github.com/gateyes/gateway/internal/service/alert/alert.go:113.75,115.16 2 1
github.com/gateyes/gateway/internal/service/alert/alert.go:115.16,117.3 1 0
github.com/gateyes/gateway/internal/service/alert/alert.go:119.2,120.16 2 1
github.com/gateyes/gateway/internal/service/alert/alert.go:120.16,122.3 1 1
github.com/gateyes/gateway/internal/service/alert/alert.go:123.2,126.31 2 0
github.com/gateyes/gateway/internal/service/alert/alert.go:126.31,129.3 2 0
github.com/gateyes/gateway/internal/service/alert/alert.go:131.2,132.16 2 0
github.com/gateyes/gateway/internal/service/alert/alert.go:132.16,134.3 1 0
github.com/gateyes/gateway/internal/service/alert/alert.go:135.2,135.25 1 0
github.com/gateyes/gateway/internal/service/alert/alert.go:138.61,142.2 3 1
github.com/gateyes/gateway/internal/service/cache/kv_cache.go:46.52,56.2 3 1
github.com/gateyes/gateway/internal/service/cache/kv_cache.go:58.51,63.34 4 1
github.com/gateyes/gateway/internal/service/cache/kv_cache.go:63.34,64.40 1 1
github.com/gateyes/gateway/internal/service/cache/kv_cache.go:64.40,72.4 5 1
github.com/gateyes/gateway/internal/service/cache/kv_cache.go:74.3,75.25 2 1
github.com/gateyes/gateway/internal/service/cache/kv_cache.go:77.2,78.18 2 1
github.com/gateyes/gateway/internal/service/cache/kv_cache.go:81.46,87.34 4 1
github.com/gateyes/gateway/internal/service/cache/kv_cache.go:87.34,93.3 5 1
github.com/gateyes/gateway/internal/service/cache/kv_cache.go:96.2,96.31 1 1
github.com/gateyes/gateway/internal/service/cache/kv_cache.go:96.31,98.3 1 1
github.com/gateyes/gateway/internal/service/cache/kv_cache.go:101.2,107.44 2 1
github.com/gateyes/gateway/internal/service/cache/kv_cache.go:110.44,113.2 2 1
github.com/gateyes/gateway/internal/service/cache/kv_cache.go:116.31,117.29 1 1
github.com/gateyes/gateway/internal/service/cache/kv_cache.go:117.29,119.3 1 0
github.com/gateyes/gateway/internal/service/cache/kv_cache.go:121.2,124.16 4 1
github.com/gateyes/gateway/internal/service/cache/kv_cache.go:128.31,132.21 3 1
github.com/gateyes/gateway/internal/service/cache/kv_cache.go:132.21,134.3 1 0
github.com/gateyes/gateway/internal/service/cache/kv_cache.go:138.34,145.33 5 0
github.com/gateyes/gateway/internal/service/cache/kv_cache.go:145.33,146.32 1 0
github.com/gateyes/gateway/internal/service/cache/kv_cache.go:146.32,148.4 1 0
github.com/gateyes/gateway/internal/service/cache/kv_cache.go:151.2,151.35 1 0
github.com/gateyes/gateway/internal/service/cache/kv_cache.go:151.35,154.3 2 0
github.com/gateyes/gateway/internal/service/cache/kv_cache.go:158.39,159.34 1 1
github.com/gateyes/gateway/internal/service/cache/kv_cache.go:159.34,160.15 1 1
github.com/gateyes/gateway/internal/service/cache/kv_cache.go:160.15,164.4 3 1
github.com/gateyes/gateway/internal/service/cache/kv_cache.go:169.45,170.34 1 1
github.com/gateyes/gateway/internal/service/cache/kv_cache.go:170.34,171.15 1 1
github.com/gateyes/gateway/internal/service/cache/kv_cache.go:171.15,174.4 2 1
github.com/gateyes/gateway/internal/service/cache/kv_cache.go:178.25,183.2 4 1
github.com/gateyes/gateway/internal/service/cache/kv_cache.go:186.36,192.15 5 1
github.com/gateyes/gateway/internal/service/cache/kv_cache.go:192.15,194.3 1 1
github.com/gateyes/gateway/internal/service/cache/kv_cache.go:196.2,203.3 1 1
github.com/gateyes/gateway/internal/db/db.go:28.51,30.16 2 0
github.com/gateyes/gateway/internal/db/db.go:30.16,32.3 1 0
github.com/gateyes/gateway/internal/db/db.go:34.2,35.16 2 0
github.com/gateyes/gateway/internal/db/db.go:35.16,37.3 1 0
github.com/gateyes/gateway/internal/db/db.go:39.2,39.26 1 0
github.com/gateyes/gateway/internal/db/db.go:39.26,41.3 1 0
github.com/gateyes/gateway/internal/db/db.go:42.2,42.26 1 0
github.com/gateyes/gateway/internal/db/db.go:42.26,44.3 1 0
github.com/gateyes/gateway/internal/db/db.go:45.2,45.36 1 0
github.com/gateyes/gateway/internal/db/db.go:45.36,47.3 1 0
github.com/gateyes/gateway/internal/db/db.go:49.2,49.36 1 0
github.com/gateyes/gateway/internal/db/db.go:49.36,52.3 2 0
github.com/gateyes/gateway/internal/db/db.go:54.2,54.49 1 0
github.com/gateyes/gateway/internal/db/db.go:57.28,58.31 1 0
github.com/gateyes/gateway/internal/db/db.go:58.31,60.3 1 0
github.com/gateyes/gateway/internal/db/db.go:61.2,61.23 1 0
github.com/gateyes/gateway/internal/db/db.go:64.42,65.28 1 0
github.com/gateyes/gateway/internal/db/db.go:65.28,67.3 1 0
github.com/gateyes/gateway/internal/db/db.go:69.2,73.27 4 0
github.com/gateyes/gateway/internal/db/db.go:73.27,74.16 1 0
github.com/gateyes/gateway/internal/db/db.go:74.16,77.12 3 0
github.com/gateyes/gateway/internal/db/db.go:79.3,79.18 1 0
github.com/gateyes/gateway/internal/db/db.go:82.2,82.19 1 0
github.com/gateyes/gateway/internal/db/db.go:85.49,90.17 1 0
github.com/gateyes/gateway/internal/db/db.go:90.17,92.3 1 0
github.com/gateyes/gateway/internal/db/db.go:94.2,95.16 2 0
github.com/gateyes/gateway/internal/db/db.go:95.16,97.3 1 0
github.com/gateyes/gateway/internal/db/db.go:99.2,100.32 2 0
github.com/gateyes/gateway/internal/db/db.go:100.32,101.20 1 0
github.com/gateyes/gateway/internal/db/db.go:101.20,102.12 1 0
github.com/gateyes/gateway/internal/db/db.go:104.3,104.38 1 0
github.com/gateyes/gateway/internal/db/db.go:106.2,108.29 2 0
github.com/gateyes/gateway/internal/db/db.go:108.29,110.17 2 0
github.com/gateyes/gateway/internal/db/db.go:110.17,112.4 1 0
github.com/gateyes/gateway/internal/db/db.go:113.3,113.14 1 0
github.com/gateyes/gateway/internal/db/db.go:113.14,114.12 1 0
github.com/gateyes/gateway/internal/db/db.go:117.3,118.17 2 0
github.com/gateyes/gateway/internal/db/db.go:118.17,120.4 1 0
github.com/gateyes/gateway/internal/db/db.go:122.3,123.17 2 0
github.com/gateyes/gateway/internal/db/db.go:123.17,125.4 1 0
github.com/gateyes/gateway/internal/db/db.go:127.3,127.62 1 0
github.com/gateyes/gateway/internal/db/db.go:127.62,130.4 2 0
github.com/gateyes/gateway/internal/db/db.go:132.3,134.54 1 0
github.com/gateyes/gateway/internal/db/db.go:134.54,137.4 2 0
github.com/gateyes/gateway/internal/db/db.go:139.3,139.37 1 0
github.com/gateyes/gateway/internal/db/db.go:139.37,141.4 1 0
github.com/gateyes/gateway/internal/db/db.go:144.2,144.12 1 0
github.com/gateyes/gateway/internal/db/db.go:147.75,152.56 2 0
github.com/gateyes/gateway/internal/db/db.go:152.56,154.3 1 0
github.com/gateyes/gateway/internal/db/db.go:155.2,155.23 1 0
github.com/gateyes/gateway/internal/db/db.go:158.48,159.16 1 0
github.com/gateyes/gateway/internal/db/db.go:160.20,161.23 1 0
github.com/gateyes/gateway/internal/db/db.go:162.18,163.25 1 0
github.com/gateyes/gateway/internal/db/db.go:164.15,165.22 1 0
github.com/gateyes/gateway/internal/db/db.go:166.10,167.67 1 0
github.com/gateyes/gateway/internal/repository/credentials.go:11.65,13.42 2 0
github.com/gateyes/gateway/internal/repository/credentials.go:13.42,15.3 1 0
github.com/gateyes/gateway/internal/repository/credentials.go:16.2,16.46 1 0
github.com/gateyes/gateway/internal/repository/credentials.go:19.39,20.18 1 0
github.com/gateyes/gateway/internal/repository/credentials.go:20.18,22.3 1 0
github.com/gateyes/gateway/internal/repository/credentials.go:23.2,24.35 2 0
github.com/gateyes/gateway/internal/repository/credentials.go:27.53,28.24 1 0
github.com/gateyes/gateway/internal/repository/credentials.go:28.24,30.3 1 0
github.com/gateyes/gateway/internal/repository/credentials.go:31.2,32.82 2 0
github.com/gateyes/gateway/internal/repository/interfaces.go:223.36,225.2 1 0
github.com/gateyes/gateway/internal/repository/interfaces.go:227.51,228.36 1 0
github.com/gateyes/gateway/internal/repository/interfaces.go:228.36,229.24 1 0
github.com/gateyes/gateway/internal/repository/interfaces.go:229.24,231.4 1 0
github.com/gateyes/gateway/internal/repository/interfaces.go:233.2,233.14 1 0
github.com/gateyes/gateway/internal/config/config.go:98.41,100.59 2 0
github.com/gateyes/gateway/internal/config/config.go:100.59,102.47 2 0
github.com/gateyes/gateway/internal/config/config.go:102.47,104.4 1 0
github.com/gateyes/gateway/internal/config/config.go:105.3,105.15 1 0
github.com/gateyes/gateway/internal/config/config.go:109.41,111.16 2 0
github.com/gateyes/gateway/internal/config/config.go:111.16,113.3 1 0
github.com/gateyes/gateway/internal/config/config.go:115.2,118.51 3 0
github.com/gateyes/gateway/internal/config/config.go:118.51,120.3 1 0
github.com/gateyes/gateway/internal/config/config.go:122.2,122.18 1 0
github.com/gateyes/gateway/internal/config/config.go:125.30,166.2 1 0
github.com/gateyes/gateway/internal/service/streaming/streaming.go:16.32,18.2 1 0
github.com/gateyes/gateway/internal/service/streaming/streaming.go:20.89,27.9 6 0
github.com/gateyes/gateway/internal/service/streaming/streaming.go:27.9,30.3 2 0
github.com/gateyes/gateway/internal/service/streaming/streaming.go:32.2,33.6 2 0
github.com/gateyes/gateway/internal/service/streaming/streaming.go:33.6,34.10 1 0
github.com/gateyes/gateway/internal/service/streaming/streaming.go:35.29,36.11 1 0
github.com/gateyes/gateway/internal/service/streaming/streaming.go:36.11,40.5 2 0
github.com/gateyes/gateway/internal/service/streaming/streaming.go:43.4,47.19 3 0
github.com/gateyes/gateway/internal/service/streaming/streaming.go:49.23,50.18 1 0
github.com/gateyes/gateway/internal/service/streaming/streaming.go:50.18,53.5 2 0
github.com/gateyes/gateway/internal/service/streaming/streaming.go:55.37,57.10 1 0
github.com/gateyes/gateway/internal/service/streaming/streaming.go:62.81,78.2 5 0
github.com/gateyes/gateway/internal/service/streaming/streaming.go:80.50,83.52 1 0
github.com/gateyes/gateway/internal/service/streaming/streaming.go:83.52,85.3 1 0
github.com/gateyes/gateway/internal/service/streaming/streaming.go:86.2,86.22 1 0
github.com/gateyes/gateway/internal/service/streaming/streaming.go:89.98,91.16 2 0
github.com/gateyes/gateway/internal/service/streaming/streaming.go:91.16,93.3 1 0
github.com/gateyes/gateway/internal/service/streaming/streaming.go:95.2,96.37 2 0
github.com/gateyes/gateway/internal/service/streaming/streaming.go:96.37,98.3 1 0
github.com/gateyes/gateway/internal/service/streaming/streaming.go:99.2,103.16 4 0
github.com/gateyes/gateway/internal/service/streaming/streaming.go:103.16,105.3 1 0
github.com/gateyes/gateway/internal/service/streaming/streaming.go:106.2,113.9 6 0
github.com/gateyes/gateway/internal/service/streaming/streaming.go:113.9,115.3 1 0
github.com/gateyes/gateway/internal/service/streaming/streaming.go:117.2,119.6 3 0
github.com/gateyes/gateway/internal/service/streaming/streaming.go:119.6,121.44 2 0
github.com/gateyes/gateway/internal/service/streaming/streaming.go:121.44,122.21 1 0
github.com/gateyes/gateway/internal/service/streaming/streaming.go:122.21,123.10 1 0
github.com/gateyes/gateway/internal/service/streaming/streaming.go:125.4,125.14 1 0
github.com/gateyes/gateway/internal/service/streaming/streaming.go:128.3,134.28 5 0
github.com/gateyes/gateway/internal/service/streaming/streaming.go:134.28,135.9 1 0
github.com/gateyes/gateway/internal/service/streaming/streaming.go:139.2,139.12 1 0
github.com/gateyes/gateway/internal/service/auth/auth.go:24.44,26.2 1 0
github.com/gateyes/gateway/internal/service/auth/auth.go:28.104,30.16 2 0
github.com/gateyes/gateway/internal/service/auth/auth.go:30.16,31.45 1 0
github.com/gateyes/gateway/internal/service/auth/auth.go:31.45,33.4 1 0
github.com/gateyes/gateway/internal/service/auth/auth.go:34.3,34.18 1 0
github.com/gateyes/gateway/internal/service/auth/auth.go:37.2,37.153 1 0
github.com/gateyes/gateway/internal/service/auth/auth.go:37.153,39.3 1 0
github.com/gateyes/gateway/internal/service/auth/auth.go:41.2,41.59 1 0
github.com/gateyes/gateway/internal/service/auth/auth.go:41.59,43.3 1 0
github.com/gateyes/gateway/internal/service/auth/auth.go:45.2,45.22 1 0
github.com/gateyes/gateway/internal/service/auth/auth.go:48.84,50.2 1 0
github.com/gateyes/gateway/internal/service/auth/auth.go:52.81,53.31 1 0
github.com/gateyes/gateway/internal/service/auth/auth.go:53.31,55.3 1 0
github.com/gateyes/gateway/internal/service/auth/auth.go:56.2,56.42 1 0
github.com/gateyes/gateway/internal/service/auth/auth.go:56.42,57.23 1 0
github.com/gateyes/gateway/internal/service/auth/auth.go:57.23,59.4 1 0
github.com/gateyes/gateway/internal/service/auth/auth.go:61.2,61.14 1 0
github.com/gateyes/gateway/internal/service/auth/auth.go:64.77,65.25 1 0
github.com/gateyes/gateway/internal/service/auth/auth.go:65.25,67.3 1 0
github.com/gateyes/gateway/internal/service/auth/auth.go:68.2,68.47 1 0
github.com/gateyes/gateway/internal/service/auth/auth.go:71.86,72.69 1 0
github.com/gateyes/gateway/internal/service/auth/auth.go:72.69,74.3 1 0
github.com/gateyes/gateway/internal/service/auth/auth.go:75.2,75.12 1 0
github.com/gateyes/gateway/internal/service/auth/auth.go:90.9,91.86 1 0
github.com/gateyes/gateway/internal/service/auth/auth.go:91.86,93.3 1 0
github.com/gateyes/gateway/internal/service/auth/auth.go:95.2,95.25 1 0
github.com/gateyes/gateway/internal/service/auth/auth.go:95.25,97.17 2 0
github.com/gateyes/gateway/internal/service/auth/auth.go:97.17,99.4 1 0
github.com/gateyes/gateway/internal/service/auth/auth.go:100.3,100.10 1 0
github.com/gateyes/gateway/internal/service/auth/auth.go:100.10,102.4 1 0
github.com/gateyes/gateway/internal/service/auth/auth.go:103.3,103.31 1 0
github.com/gateyes/gateway/internal/service/auth/auth.go:106.2,119.4 1 0
github.com/gateyes/gateway/internal/service/auth/auth.go:122.74,123.22 1 0
github.com/gateyes/gateway/internal/service/auth/auth.go:123.22,125.3 1 0
github.com/gateyes/gateway/internal/service/auth/auth.go:127.2,128.45 2 0
github.com/gateyes/gateway/internal/service/auth/auth.go:128.45,130.3 1 0
github.com/gateyes/gateway/internal/service/auth/auth.go:132.2,133.24 2 0
github.com/gateyes/gateway/internal/service/auth/auth.go:133.24,135.3 1 0
github.com/gateyes/gateway/internal/service/auth/auth.go:137.2,137.21 1 0
github.com/gateyes/gateway/cmd/gateway/main.go:26.13,33.16 5 0
github.com/gateyes/gateway/cmd/gateway/main.go:33.16,36.3 2 0
github.com/gateyes/gateway/cmd/gateway/main.go:38.2,39.16 2 0
github.com/gateyes/gateway/cmd/gateway/main.go:39.16,42.3 2 0
github.com/gateyes/gateway/cmd/gateway/main.go:43.2,45.30 2 0
github.com/gateyes/gateway/cmd/gateway/main.go:45.30,46.64 1 0
github.com/gateyes/gateway/cmd/gateway/main.go:46.64,49.4 2 0
github.com/gateyes/gateway/cmd/gateway/main.go:52.2,59.16 3 0
github.com/gateyes/gateway/cmd/gateway/main.go:59.16,62.3 2 0
github.com/gateyes/gateway/cmd/gateway/main.go:64.2,64.130 1 0
github.com/gateyes/gateway/cmd/gateway/main.go:64.130,67.3 2 0
github.com/gateyes/gateway/cmd/gateway/main.go:68.2,68.92 1 0
github.com/gateyes/gateway/cmd/gateway/main.go:68.92,71.3 2 0
github.com/gateyes/gateway/cmd/gateway/main.go:73.2,73.106 1 0
github.com/gateyes/gateway/cmd/gateway/main.go:73.106,76.3 2 0
github.com/gateyes/gateway/cmd/gateway/main.go:77.2,77.101 1 0
github.com/gateyes/gateway/cmd/gateway/main.go:77.101,80.3 2 0
github.com/gateyes/gateway/cmd/gateway/main.go:82.2,84.16 3 0
github.com/gateyes/gateway/cmd/gateway/main.go:84.16,87.3 2 0
github.com/gateyes/gateway/cmd/gateway/main.go:89.2,122.12 13 0
github.com/gateyes/gateway/cmd/gateway/main.go:122.12,124.37 2 0
github.com/gateyes/gateway/cmd/gateway/main.go:124.37,125.38 1 0
github.com/gateyes/gateway/cmd/gateway/main.go:125.38,127.5 1 0
github.com/gateyes/gateway/cmd/gateway/main.go:128.4,129.10 2 0
github.com/gateyes/gateway/cmd/gateway/main.go:133.2,137.50 4 0
github.com/gateyes/gateway/cmd/gateway/main.go:137.50,139.3 1 0
github.com/gateyes/gateway/cmd/gateway/main.go:142.138,143.34 1 0
github.com/gateyes/gateway/cmd/gateway/main.go:143.34,153.18 1 0
github.com/gateyes/gateway/cmd/gateway/main.go:153.18,155.4 1 0
github.com/gateyes/gateway/cmd/gateway/main.go:157.2,157.12 1 0
github.com/gateyes/gateway/cmd/gateway/main.go:160.125,161.57 1 0
github.com/gateyes/gateway/cmd/gateway/main.go:161.57,163.3 1 0
github.com/gateyes/gateway/cmd/gateway/main.go:165.2,174.4 1 0
github.com/gateyes/gateway/cmd/gateway/main.go:177.71,179.37 2 0
github.com/gateyes/gateway/cmd/gateway/main.go:179.37,180.23 1 0
github.com/gateyes/gateway/cmd/gateway/main.go:180.23,182.4 1 0
github.com/gateyes/gateway/cmd/gateway/main.go:184.2,184.14 1 0
