mode: set
github.com/gateyes/gateway/internal/service/responses/circuit_breaker.go:30.73,35.2 1 1
github.com/gateyes/gateway/internal/service/responses/circuit_breaker.go:37.69,39.2 1 1
github.com/gateyes/gateway/internal/service/responses/circuit_breaker.go:43.89,49.9 5 0
github.com/gateyes/gateway/internal/service/responses/circuit_breaker.go:49.9,51.3 1 0
github.com/gateyes/gateway/internal/service/responses/circuit_breaker.go:53.2,53.34 1 0
github.com/gateyes/gateway/internal/service/responses/circuit_breaker.go:53.34,55.3 1 0
github.com/gateyes/gateway/internal/service/responses/circuit_breaker.go:58.2,59.22 2 0
github.com/gateyes/gateway/internal/service/responses/circuit_breaker.go:59.22,61.3 1 0
github.com/gateyes/gateway/internal/service/responses/circuit_breaker.go:63.2,63.43 1 0
github.com/gateyes/gateway/internal/service/responses/circuit_breaker.go:63.43,65.3 1 0
github.com/gateyes/gateway/internal/service/responses/circuit_breaker.go:67.2,68.13 2 0
github.com/gateyes/gateway/internal/service/responses/circuit_breaker.go:72.81,78.9 5 0
github.com/gateyes/gateway/internal/service/responses/circuit_breaker.go:78.9,80.3 1 0
github.com/gateyes/gateway/internal/service/responses/circuit_breaker.go:82.2,82.32 1 0
github.com/gateyes/gateway/internal/service/responses/circuit_breaker.go:82.32,84.3 1 0
github.com/gateyes/gateway/internal/service/responses/circuit_breaker.go:87.75,93.9 5 1
github.com/gateyes/gateway/internal/service/responses/circuit_breaker.go:93.9,95.3 1 1
github.com/gateyes/gateway/internal/service/responses/circuit_breaker.go:97.2,97.21 1 1
github.com/gateyes/gateway/internal/service/responses/circuit_breaker.go:98.19,99.14 1 1
github.com/gateyes/gateway/internal/service/responses/circuit_breaker.go:100.17,102.88 1 1
github.com/gateyes/gateway/internal/service/responses/circuit_breaker.go:102.88,105.4 2 0
github.com/gateyes/gateway/internal/service/responses/circuit_breaker.go:106.3,106.15 1 1
github.com/gateyes/gateway/internal/service/responses/circuit_breaker.go:107.21,110.23 2 0
github.com/gateyes/gateway/internal/service/responses/circuit_breaker.go:110.23,112.4 1 0
github.com/gateyes/gateway/internal/service/responses/circuit_breaker.go:113.3,113.46 1 0
github.com/gateyes/gateway/internal/service/responses/circuit_breaker.go:114.10,115.14 1 0
github.com/gateyes/gateway/internal/service/responses/circuit_breaker.go:119.72,125.9 5 1
github.com/gateyes/gateway/internal/service/responses/circuit_breaker.go:125.9,127.3 1 1
github.com/gateyes/gateway/internal/service/responses/circuit_breaker.go:129.2,129.21 1 1
github.com/gateyes/gateway/internal/service/responses/circuit_breaker.go:130.21,133.28 2 0
github.com/gateyes/gateway/internal/service/responses/circuit_breaker.go:134.19,136.21 1 0
github.com/gateyes/gateway/internal/service/responses/circuit_breaker.go:137.17,140.28 2 1
github.com/gateyes/gateway/internal/service/responses/circuit_breaker.go:144.72,150.9 5 1
github.com/gateyes/gateway/internal/service/responses/circuit_breaker.go:150.9,155.3 2 1
github.com/gateyes/gateway/internal/service/responses/circuit_breaker.go:157.2,159.21 2 1
github.com/gateyes/gateway/internal/service/responses/circuit_breaker.go:160.19,162.48 2 1
github.com/gateyes/gateway/internal/service/responses/circuit_breaker.go:162.48,164.4 1 1
github.com/gateyes/gateway/internal/service/responses/circuit_breaker.go:165.21,168.43 2 0
github.com/gateyes/gateway/internal/service/responses/circuit_breaker.go:169.17,169.17 0 1
github.com/gateyes/gateway/internal/service/responses/circuit_breaker.go:174.74,179.9 4 1
github.com/gateyes/gateway/internal/service/responses/circuit_breaker.go:179.9,181.3 1 0
github.com/gateyes/gateway/internal/service/responses/circuit_breaker.go:182.2,182.20 1 1
github.com/gateyes/gateway/internal/service/responses/circuit_breaker.go:187.57,192.39 4 1
github.com/gateyes/gateway/internal/service/responses/circuit_breaker.go:192.39,195.22 2 1
github.com/gateyes/gateway/internal/service/responses/circuit_breaker.go:196.20,197.18 1 0
github.com/gateyes/gateway/internal/service/responses/circuit_breaker.go:198.18,199.18 1 1
github.com/gateyes/gateway/internal/service/responses/circuit_breaker.go:200.22,201.18 1 0
github.com/gateyes/gateway/internal/service/responses/circuit_breaker.go:202.11,203.18 1 0
github.com/gateyes/gateway/internal/service/responses/circuit_breaker.go:205.3,205.27 1 1
github.com/gateyes/gateway/internal/service/responses/circuit_breaker.go:207.2,207.15 1 1
github.com/gateyes/gateway/internal/service/responses/service.go:85.39,99.78 2 1
github.com/gateyes/gateway/internal/service/responses/service.go:99.78,105.17 2 0
github.com/gateyes/gateway/internal/service/responses/service.go:105.17,108.4 1 0
github.com/gateyes/gateway/internal/service/responses/service.go:108.9,108.24 1 0
github.com/gateyes/gateway/internal/service/responses/service.go:108.24,118.18 2 0
github.com/gateyes/gateway/internal/service/responses/service.go:118.18,120.5 1 0
github.com/gateyes/gateway/internal/service/responses/service.go:120.10,122.5 1 0
github.com/gateyes/gateway/internal/service/responses/service.go:126.2,126.12 1 1
github.com/gateyes/gateway/internal/service/responses/service.go:129.154,133.58 2 1
github.com/gateyes/gateway/internal/service/responses/service.go:133.58,134.52 1 1
github.com/gateyes/gateway/internal/service/responses/service.go:134.52,136.51 1 1
github.com/gateyes/gateway/internal/service/responses/service.go:136.51,138.5 1 1
github.com/gateyes/gateway/internal/service/responses/service.go:144.2,144.75 1 1
github.com/gateyes/gateway/internal/service/responses/service.go:144.75,148.33 3 0
github.com/gateyes/gateway/internal/service/responses/service.go:148.33,150.53 1 0
github.com/gateyes/gateway/internal/service/responses/service.go:150.53,152.5 1 0
github.com/gateyes/gateway/internal/service/responses/service.go:157.2,158.26 2 1
github.com/gateyes/gateway/internal/service/responses/service.go:158.26,160.3 1 0
github.com/gateyes/gateway/internal/service/responses/service.go:163.2,175.17 4 1
github.com/gateyes/gateway/internal/service/responses/service.go:175.17,177.3 1 0
github.com/gateyes/gateway/internal/service/responses/service.go:179.2,183.31 4 1
github.com/gateyes/gateway/internal/service/responses/service.go:183.31,188.87 3 1
github.com/gateyes/gateway/internal/service/responses/service.go:188.87,189.12 1 0
github.com/gateyes/gateway/internal/service/responses/service.go:193.3,193.24 1 1
github.com/gateyes/gateway/internal/service/responses/service.go:193.24,202.4 1 0
github.com/gateyes/gateway/internal/service/responses/service.go:204.3,222.17 7 1
github.com/gateyes/gateway/internal/service/responses/service.go:222.17,225.31 3 1
github.com/gateyes/gateway/internal/service/responses/service.go:225.31,227.5 1 1
github.com/gateyes/gateway/internal/service/responses/service.go:228.4,232.12 5 1
github.com/gateyes/gateway/internal/service/responses/service.go:235.3,237.30 3 1
github.com/gateyes/gateway/internal/service/responses/service.go:237.30,239.4 1 1
github.com/gateyes/gateway/internal/service/responses/service.go:241.3,242.80 2 1
github.com/gateyes/gateway/internal/service/responses/service.go:242.80,244.4 1 1
github.com/gateyes/gateway/internal/service/responses/service.go:246.3,246.44 1 1
github.com/gateyes/gateway/internal/service/responses/service.go:246.44,249.4 2 1
github.com/gateyes/gateway/internal/service/responses/service.go:252.3,252.61 1 1
github.com/gateyes/gateway/internal/service/responses/service.go:252.61,256.4 3 0
github.com/gateyes/gateway/internal/service/responses/service.go:258.3,266.9 1 1
github.com/gateyes/gateway/internal/service/responses/service.go:269.2,269.21 1 1
github.com/gateyes/gateway/internal/service/responses/service.go:273.70,274.17 1 1
github.com/gateyes/gateway/internal/service/responses/service.go:274.17,276.3 1 0
github.com/gateyes/gateway/internal/service/responses/service.go:279.2,279.19 1 1
github.com/gateyes/gateway/internal/service/responses/service.go:279.19,281.3 1 1
github.com/gateyes/gateway/internal/service/responses/service.go:284.2,284.27 1 1
github.com/gateyes/gateway/internal/service/responses/service.go:284.27,286.3 1 1
github.com/gateyes/gateway/internal/service/responses/service.go:289.2,290.37 2 1
github.com/gateyes/gateway/internal/service/responses/service.go:290.37,291.42 1 1
github.com/gateyes/gateway/internal/service/responses/service.go:291.42,292.26 1 1
github.com/gateyes/gateway/internal/service/responses/service.go:292.26,294.10 2 1
github.com/gateyes/gateway/internal/service/responses/service.go:297.3,297.17 1 1
github.com/gateyes/gateway/internal/service/responses/service.go:297.17,298.9 1 1
github.com/gateyes/gateway/internal/service/responses/service.go:302.2,302.17 1 1
github.com/gateyes/gateway/internal/service/responses/service.go:302.17,304.3 1 0
github.com/gateyes/gateway/internal/service/responses/service.go:307.2,307.32 1 1
github.com/gateyes/gateway/internal/service/responses/service.go:307.32,309.3 1 0
github.com/gateyes/gateway/internal/service/responses/service.go:311.2,311.13 1 1
github.com/gateyes/gateway/internal/service/responses/service.go:315.63,316.20 1 1
github.com/gateyes/gateway/internal/service/responses/service.go:316.20,318.3 1 1
github.com/gateyes/gateway/internal/service/responses/service.go:319.2,320.52 2 1
github.com/gateyes/gateway/internal/service/responses/service.go:320.52,322.3 1 1
github.com/gateyes/gateway/internal/service/responses/service.go:323.2,323.38 1 1
github.com/gateyes/gateway/internal/service/responses/service.go:327.64,329.2 1 1
github.com/gateyes/gateway/internal/service/responses/service.go:331.84,341.2 1 1
github.com/gateyes/gateway/internal/service/responses/service.go:343.154,347.26 3 1
github.com/gateyes/gateway/internal/service/responses/service.go:347.26,349.3 1 0
github.com/gateyes/gateway/internal/service/responses/service.go:351.2,366.17 5 1
github.com/gateyes/gateway/internal/service/responses/service.go:366.17,368.3 1 0
github.com/gateyes/gateway/internal/service/responses/service.go:370.2,378.8 2 1
github.com/gateyes/gateway/internal/service/responses/service.go:381.252,391.31 8 1
github.com/gateyes/gateway/internal/service/responses/service.go:391.31,395.87 2 1
github.com/gateyes/gateway/internal/service/responses/service.go:395.87,396.12 1 0
github.com/gateyes/gateway/internal/service/responses/service.go:399.3,412.25 4 1
github.com/gateyes/gateway/internal/service/responses/service.go:412.25,424.4 2 1
github.com/gateyes/gateway/internal/service/responses/service.go:426.3,440.7 5 1
github.com/gateyes/gateway/internal/service/responses/service.go:440.7,441.11 1 1
github.com/gateyes/gateway/internal/service/responses/service.go:442.31,443.12 1 1
github.com/gateyes/gateway/internal/service/responses/service.go:443.12,444.30 1 1
github.com/gateyes/gateway/internal/service/responses/service.go:444.30,450.7 1 1
github.com/gateyes/gateway/internal/service/responses/service.go:451.6,455.33 5 1
github.com/gateyes/gateway/internal/service/responses/service.go:455.33,457.7 1 1
github.com/gateyes/gateway/internal/service/responses/service.go:458.6,458.12 1 1
github.com/gateyes/gateway/internal/service/responses/service.go:461.5,461.23 1 1
github.com/gateyes/gateway/internal/service/responses/service.go:462.53,466.18 3 1
github.com/gateyes/gateway/internal/service/responses/service.go:467.31,468.36 1 1
github.com/gateyes/gateway/internal/service/responses/service.go:470.32,471.19 1 1
github.com/gateyes/gateway/internal/service/responses/service.go:471.19,472.14 1 1
github.com/gateyes/gateway/internal/service/responses/service.go:474.5,478.32 5 0
github.com/gateyes/gateway/internal/service/responses/service.go:478.32,480.6 1 0
github.com/gateyes/gateway/internal/service/responses/service.go:483.5,483.52 1 0
github.com/gateyes/gateway/internal/service/responses/service.go:483.52,484.47 1 0
github.com/gateyes/gateway/internal/service/responses/service.go:484.47,487.14 3 0
github.com/gateyes/gateway/internal/service/responses/service.go:488.25,490.14 2 0
github.com/gateyes/gateway/internal/service/responses/service.go:491.66,491.66 0 0
github.com/gateyes/gateway/internal/service/responses/service.go:495.7,497.21 3 0
github.com/gateyes/gateway/internal/service/responses/service.go:502.5,502.24 1 0
github.com/gateyes/gateway/internal/service/responses/service.go:502.24,504.23 1 0
github.com/gateyes/gateway/internal/service/responses/service.go:508.5,509.11 2 0
github.com/gateyes/gateway/internal/service/responses/service.go:510.22,514.11 4 0
github.com/gateyes/gateway/internal/service/responses/service.go:516.4,516.12 1 1
github.com/gateyes/gateway/internal/service/responses/service.go:518.3,519.8 1 0
github.com/gateyes/gateway/internal/service/responses/service.go:519.8,520.12 1 0
github.com/gateyes/gateway/internal/service/responses/service.go:521.32,522.13 1 0
github.com/gateyes/gateway/internal/service/responses/service.go:522.13,523.31 1 0
github.com/gateyes/gateway/internal/service/responses/service.go:523.31,529.8 1 0
github.com/gateyes/gateway/internal/service/responses/service.go:530.7,534.34 5 0
github.com/gateyes/gateway/internal/service/responses/service.go:534.34,536.8 1 0
github.com/gateyes/gateway/internal/service/responses/service.go:537.7,537.13 1 0
github.com/gateyes/gateway/internal/service/responses/service.go:540.6,540.24 1 0
github.com/gateyes/gateway/internal/service/responses/service.go:541.54,545.19 3 0
github.com/gateyes/gateway/internal/service/responses/service.go:546.32,547.37 1 0
github.com/gateyes/gateway/internal/service/responses/service.go:549.33,550.20 1 0
github.com/gateyes/gateway/internal/service/responses/service.go:550.20,551.15 1 0
github.com/gateyes/gateway/internal/service/responses/service.go:553.6,557.33 5 0
github.com/gateyes/gateway/internal/service/responses/service.go:557.33,559.7 1 0
github.com/gateyes/gateway/internal/service/responses/service.go:562.6,562.53 1 0
github.com/gateyes/gateway/internal/service/responses/service.go:562.53,563.24 1 0
github.com/gateyes/gateway/internal/service/responses/service.go:567.6,568.12 2 0
github.com/gateyes/gateway/internal/service/responses/service.go:569.23,573.12 4 0
github.com/gateyes/gateway/internal/service/responses/service.go:578.4,580.12 3 0
github.com/gateyes/gateway/internal/service/responses/service.go:585.2,585.24 1 0
github.com/gateyes/gateway/internal/service/responses/service.go:588.53,590.2 1 1
github.com/gateyes/gateway/internal/service/responses/service.go:592.207,593.17 1 1
github.com/gateyes/gateway/internal/service/responses/service.go:593.17,595.3 1 0
github.com/gateyes/gateway/internal/service/responses/service.go:596.2,615.75 9 1
github.com/gateyes/gateway/internal/service/responses/service.go:618.167,627.2 2 0
github.com/gateyes/gateway/internal/service/responses/service.go:629.152,631.16 2 0
github.com/gateyes/gateway/internal/service/responses/service.go:631.16,633.3 1 0
github.com/gateyes/gateway/internal/service/responses/service.go:634.2,634.21 1 0
github.com/gateyes/gateway/internal/service/responses/service.go:634.21,636.3 1 0
github.com/gateyes/gateway/internal/service/responses/service.go:637.2,637.71 1 0
github.com/gateyes/gateway/internal/service/responses/service.go:640.192,652.17 3 0
github.com/gateyes/gateway/internal/service/responses/service.go:652.17,654.3 1 0
github.com/gateyes/gateway/internal/service/responses/service.go:656.2,675.8 2 0
github.com/gateyes/gateway/internal/service/responses/service.go:678.148,680.62 2 0
github.com/gateyes/gateway/internal/service/responses/service.go:680.62,682.3 1 0
github.com/gateyes/gateway/internal/service/responses/service.go:684.2,689.90 5 0
github.com/gateyes/gateway/internal/service/responses/service.go:689.90,691.3 1 0
github.com/gateyes/gateway/internal/service/responses/service.go:693.2,701.17 2 0
github.com/gateyes/gateway/internal/service/responses/service.go:701.17,703.3 1 0
github.com/gateyes/gateway/internal/service/responses/service.go:705.2,717.16 1 0
github.com/gateyes/gateway/internal/service/responses/service.go:717.16,718.44 1 0
github.com/gateyes/gateway/internal/service/responses/service.go:718.44,720.4 1 0
github.com/gateyes/gateway/internal/service/responses/service.go:721.3,721.18 1 0
github.com/gateyes/gateway/internal/service/responses/service.go:724.2,733.8 1 0
github.com/gateyes/gateway/internal/service/responses/service.go:736.173,738.62 2 1
github.com/gateyes/gateway/internal/service/responses/service.go:738.62,740.3 1 0
github.com/gateyes/gateway/internal/service/responses/service.go:743.2,743.36 1 1
github.com/gateyes/gateway/internal/service/responses/service.go:743.36,746.3 1 0
github.com/gateyes/gateway/internal/service/responses/service.go:748.2,761.90 7 1
github.com/gateyes/gateway/internal/service/responses/service.go:761.90,763.3 1 0
github.com/gateyes/gateway/internal/service/responses/service.go:765.2,779.17 3 1
github.com/gateyes/gateway/internal/service/responses/service.go:779.17,782.3 1 1
github.com/gateyes/gateway/internal/service/responses/service.go:784.2,796.16 1 1
github.com/gateyes/gateway/internal/service/responses/service.go:796.16,797.44 1 0
github.com/gateyes/gateway/internal/service/responses/service.go:797.44,799.4 1 0
github.com/gateyes/gateway/internal/service/responses/service.go:800.3,800.18 1 0
github.com/gateyes/gateway/internal/service/responses/service.go:803.2,812.8 1 1
github.com/gateyes/gateway/internal/service/responses/service.go:815.157,821.15 5 0
github.com/gateyes/gateway/internal/service/responses/service.go:821.15,824.3 2 0
github.com/gateyes/gateway/internal/service/responses/service.go:826.2,841.6 5 0
github.com/gateyes/gateway/internal/service/responses/service.go:841.6,842.10 1 0
github.com/gateyes/gateway/internal/service/responses/service.go:843.30,844.11 1 0
github.com/gateyes/gateway/internal/service/responses/service.go:844.11,845.29 1 0
github.com/gateyes/gateway/internal/service/responses/service.go:845.29,851.6 1 0
github.com/gateyes/gateway/internal/service/responses/service.go:852.5,854.91 3 0
github.com/gateyes/gateway/internal/service/responses/service.go:854.91,857.6 2 0
github.com/gateyes/gateway/internal/service/responses/service.go:858.5,859.11 2 0
github.com/gateyes/gateway/internal/service/responses/service.go:862.4,862.22 1 0
github.com/gateyes/gateway/internal/service/responses/service.go:863.52,865.17 2 0
github.com/gateyes/gateway/internal/service/responses/service.go:866.30,867.35 1 0
github.com/gateyes/gateway/internal/service/responses/service.go:869.31,870.18 1 0
github.com/gateyes/gateway/internal/service/responses/service.go:870.18,871.13 1 0
github.com/gateyes/gateway/internal/service/responses/service.go:873.4,877.10 5 0
github.com/gateyes/gateway/internal/service/responses/service.go:878.21,879.10 1 0
github.com/gateyes/gateway/internal/service/responses/service.go:884.155,886.113 2 1
github.com/gateyes/gateway/internal/service/responses/service.go:886.113,888.3 1 1
github.com/gateyes/gateway/internal/service/responses/service.go:890.2,898.17 2 1
github.com/gateyes/gateway/internal/service/responses/service.go:898.17,900.3 1 0
github.com/gateyes/gateway/internal/service/responses/service.go:902.2,914.16 1 1
github.com/gateyes/gateway/internal/service/responses/service.go:914.16,915.44 1 0
github.com/gateyes/gateway/internal/service/responses/service.go:915.44,917.4 1 0
github.com/gateyes/gateway/internal/service/responses/service.go:918.3,918.13 1 0
github.com/gateyes/gateway/internal/service/responses/service.go:921.2,924.20 2 1
github.com/gateyes/gateway/internal/service/responses/service.go:924.20,926.3 1 0
github.com/gateyes/gateway/internal/service/responses/service.go:928.2,928.12 1 1
github.com/gateyes/gateway/internal/service/responses/service.go:931.196,932.55 1 1
github.com/gateyes/gateway/internal/service/responses/service.go:932.55,934.3 1 1
github.com/gateyes/gateway/internal/service/responses/service.go:935.2,935.88 1 1
github.com/gateyes/gateway/internal/service/responses/service.go:938.195,961.2 3 1
github.com/gateyes/gateway/internal/service/responses/service.go:963.125,972.2 2 0
github.com/gateyes/gateway/internal/service/responses/service.go:974.158,983.2 2 1
github.com/gateyes/gateway/internal/service/responses/service.go:985.98,986.17 1 1
github.com/gateyes/gateway/internal/service/responses/service.go:986.17,988.3 1 0
github.com/gateyes/gateway/internal/service/responses/service.go:989.2,989.19 1 1
github.com/gateyes/gateway/internal/service/responses/service.go:989.19,991.3 1 0
github.com/gateyes/gateway/internal/service/responses/service.go:991.8,993.3 1 1
github.com/gateyes/gateway/internal/service/responses/service.go:994.2,994.23 1 1
github.com/gateyes/gateway/internal/service/responses/service.go:994.23,996.3 1 1
github.com/gateyes/gateway/internal/service/responses/service.go:997.2,997.23 1 1
github.com/gateyes/gateway/internal/service/responses/service.go:997.23,999.3 1 1
github.com/gateyes/gateway/internal/service/responses/service.go:1000.2,1001.23 2 1
github.com/gateyes/gateway/internal/service/responses/service.go:1001.23,1003.3 1 1
github.com/gateyes/gateway/internal/service/responses/service.go:1004.2,1004.34 1 1
github.com/gateyes/gateway/internal/service/responses/service.go:1004.34,1006.3 1 1
github.com/gateyes/gateway/internal/service/responses/service.go:1007.2,1007.38 1 1
github.com/gateyes/gateway/internal/service/responses/service.go:1007.38,1009.3 1 1
github.com/gateyes/gateway/internal/service/responses/service.go:1010.2,1010.33 1 1
github.com/gateyes/gateway/internal/service/responses/service.go:1010.33,1012.3 1 1
github.com/gateyes/gateway/internal/service/responses/service.go:1013.2,1013.13 1 1
github.com/gateyes/gateway/internal/service/responses/service.go:1016.149,1018.16 2 1
github.com/gateyes/gateway/internal/service/responses/service.go:1018.16,1020.3 1 0
github.com/gateyes/gateway/internal/service/responses/service.go:1021.2,1021.102 1 1
github.com/gateyes/gateway/internal/service/responses/service.go:1024.34,1025.16 1 1
github.com/gateyes/gateway/internal/service/responses/service.go:1025.16,1027.3 1 1
github.com/gateyes/gateway/internal/service/responses/service.go:1030.2,1030.69 1 1
github.com/gateyes/gateway/internal/service/responses/service.go:1030.69,1032.3 1 1
github.com/gateyes/gateway/internal/service/responses/service.go:1035.2,1036.34 2 1
github.com/gateyes/gateway/internal/service/responses/service.go:1036.34,1038.3 1 1
github.com/gateyes/gateway/internal/service/responses/service.go:1041.2,1045.70 2 0
github.com/gateyes/gateway/internal/service/responses/service.go:1045.70,1047.3 1 0
github.com/gateyes/gateway/internal/service/responses/service.go:1051.2,1051.13 1 0
github.com/gateyes/gateway/internal/service/responses/service.go:1054.139,1059.44 4 1
github.com/gateyes/gateway/internal/service/responses/service.go:1059.44,1062.17 2 1
github.com/gateyes/gateway/internal/service/responses/service.go:1062.17,1064.4 1 1
github.com/gateyes/gateway/internal/service/responses/service.go:1065.3,1067.24 2 1
github.com/gateyes/gateway/internal/service/responses/service.go:1067.24,1069.4 1 0
github.com/gateyes/gateway/internal/service/responses/service.go:1071.3,1071.30 1 1
github.com/gateyes/gateway/internal/service/responses/service.go:1071.30,1076.11 4 0
github.com/gateyes/gateway/internal/service/responses/service.go:1077.22,1078.38 1 0
github.com/gateyes/gateway/internal/service/responses/service.go:1079.63,1079.63 0 0
github.com/gateyes/gateway/internal/service/responses/service.go:1084.2,1084.20 1 1
github.com/gateyes/gateway/internal/service/responses/service.go:1084.20,1086.3 1 1
github.com/gateyes/gateway/internal/service/responses/service.go:1087.2,1087.61 1 0
github.com/gateyes/gateway/internal/service/responses/service.go:1090.149,1092.16 2 1
github.com/gateyes/gateway/internal/service/responses/service.go:1092.16,1094.3 1 0
github.com/gateyes/gateway/internal/service/responses/service.go:1095.2,1096.26 2 1
github.com/gateyes/gateway/internal/service/responses/service.go:1096.26,1098.3 1 0
github.com/gateyes/gateway/internal/service/responses/service.go:1100.2,1100.21 1 1
github.com/gateyes/gateway/internal/service/responses/service.go:1100.21,1102.3 1 1
github.com/gateyes/gateway/internal/service/responses/service.go:1103.2,1103.19 1 0
github.com/gateyes/gateway/internal/service/responses/service.go:1106.128,1107.26 1 1
github.com/gateyes/gateway/internal/service/responses/service.go:1107.26,1109.3 1 1
github.com/gateyes/gateway/internal/service/responses/service.go:1112.2,1117.29 3 0
github.com/gateyes/gateway/internal/service/responses/service.go:1118.21,1120.16 1 0
github.com/gateyes/gateway/internal/service/responses/service.go:1121.20,1123.42 1 0
github.com/gateyes/gateway/internal/service/responses/service.go:1123.42,1127.4 3 0
github.com/gateyes/gateway/internal/service/responses/service.go:1128.20,1130.42 1 0
github.com/gateyes/gateway/internal/service/responses/service.go:1130.42,1132.4 1 0
github.com/gateyes/gateway/internal/service/responses/service.go:1133.16,1135.22 1 0
github.com/gateyes/gateway/internal/service/responses/service.go:1135.22,1137.33 2 0
github.com/gateyes/gateway/internal/service/responses/service.go:1137.33,1139.5 1 0
github.com/gateyes/gateway/internal/service/responses/service.go:1141.4,1141.43 1 0
github.com/gateyes/gateway/internal/service/responses/service.go:1141.43,1143.5 1 0
github.com/gateyes/gateway/internal/service/responses/service.go:1145.16,1147.44 1 0
github.com/gateyes/gateway/internal/service/responses/service.go:1147.44,1149.4 1 0
github.com/gateyes/gateway/internal/service/responses/service.go:1150.10,1150.10 0 0
github.com/gateyes/gateway/internal/service/responses/service.go:1154.2,1154.15 1 0
github.com/gateyes/gateway/internal/service/responses/service.go:1157.36,1158.9 1 1
github.com/gateyes/gateway/internal/service/responses/service.go:1159.47,1160.84 1 1
github.com/gateyes/gateway/internal/service/responses/service.go:1161.45,1162.79 1 1
github.com/gateyes/gateway/internal/service/responses/service.go:1163.37,1164.77 1 1
github.com/gateyes/gateway/internal/service/responses/service.go:1165.10,1166.77 1 1
github.com/gateyes/gateway/internal/service/responses/service.go:1176.34,1178.2 1 1
github.com/gateyes/gateway/internal/service/responses/service.go:1181.60,1182.29 1 1
github.com/gateyes/gateway/internal/service/responses/service.go:1182.29,1184.3 1 0
github.com/gateyes/gateway/internal/service/responses/service.go:1185.2,1185.40 1 1
